2023-11-08 03:30:58 com\zoho\api\logger\SDKLogger INFO Initialization successful for Email Id : abc@zoho.com in Environment : https://www.zohoapis.com.
2023-11-08 03:30:59 com\zoho\api\logger\SDKLogger SEVERE Exception in authenticating current request :  com\zoho\crm\api\exception\SDKException Caused by : INVALID TOKEN ERROR - invalid_client
D:\laragon\www\axiomeds\vendor\zohocrm\php-sdk-2.1\src\com\zoho\api\authenticator\OAuthToken.php- 377- invalid_client
#0 D:\laragon\www\axiomeds\vendor\zohocrm\php-sdk-2.1\src\com\zoho\api\authenticator\OAuthToken.php(306): com\zoho\api\authenticator\OAuthToken->processResponse('HTTP/1.1 200 \r\n...')
#1 D:\laragon\www\axiomeds\vendor\zohocrm\php-sdk-2.1\src\com\zoho\api\authenticator\OAuthToken.php(235): com\zoho\api\authenticator\OAuthToken->refreshAccessToken(Object(com\zoho\crm\api\UserSignature), Object(com\zoho\api\authenticator\store\FileStore))
#2 D:\laragon\www\axiomeds\vendor\zohocrm\php-sdk-2.1\src\com\zoho\crm\api\util\CommonAPIHandler.php(253): com\zoho\api\authenticator\OAuthToken->authenticate(Object(com\zoho\crm\api\util\APIHTTPConnector))
#3 D:\laragon\www\axiomeds\vendor\zohocrm\php-sdk-2.1\src\com\zoho\crm\api\fields\FieldsOperations.php(41): com\zoho\crm\api\util\CommonAPIHandler->apiCall('com\\zoho\\crm\\ap...', 'application/jso...')
#4 D:\laragon\www\axiomeds\vendor\zohocrm\php-sdk-2.1\src\com\zoho\crm\api\util\Utility.php(582): com\zoho\crm\api\fields\FieldsOperations->getFields(Object(com\zoho\crm\api\ParameterMap))
#5 D:\laragon\www\axiomeds\vendor\zohocrm\php-sdk-2.1\src\com\zoho\crm\api\util\Utility.php(275): com\zoho\crm\api\util\Utility::getFieldDetails('Leads')
#6 D:\laragon\www\axiomeds\vendor\zohocrm\php-sdk-2.1\src\com\zoho\crm\api\util\Utility.php(170): com\zoho\crm\api\util\Utility::getFieldsInfo('Leads', Object(com\zoho\crm\api\util\CommonAPIHandler))
#7 D:\laragon\www\axiomeds\vendor\zohocrm\php-sdk-2.1\src\com\zoho\crm\api\record\RecordOperations.php(117): com\zoho\crm\api\util\Utility::getFields('Leads', Object(com\zoho\crm\api\util\CommonAPIHandler))
#8 D:\laragon\www\axiomeds\app\Services\ZohoService.php(45): com\zoho\crm\api\record\RecordOperations->getRecords('Leads', Object(com\zoho\crm\api\ParameterMap), Object(com\zoho\crm\api\HeaderMap))
#9 D:\laragon\www\axiomeds\app\Http\Controllers\Api\Accounts\InvoiceController.php(82): App\Services\ZohoService->getRecord()
#10 D:\laragon\www\axiomeds\vendor\laravel\framework\src\Illuminate\Routing\Controller.php(54): App\Http\Controllers\Api\Accounts\InvoiceController->store(Object(App\Http\Requests\Api\Accounts\CreateInvoiceRequest))
#11 D:\laragon\www\axiomeds\vendor\laravel\framework\src\Illuminate\Routing\ControllerDispatcher.php(43): Illuminate\Routing\Controller->callAction('store', Array)
#12 D:\laragon\www\axiomeds\vendor\laravel\framework\src\Illuminate\Routing\Route.php(260): Illuminate\Routing\ControllerDispatcher->dispatch(Object(Illuminate\Routing\Route), Object(App\Http\Controllers\Api\Accounts\InvoiceController), 'store')
#13 D:\laragon\www\axiomeds\vendor\laravel\framework\src\Illuminate\Routing\Route.php(205): Illuminate\Routing\Route->runController()
#14 D:\laragon\www\axiomeds\vendor\laravel\framework\src\Illuminate\Routing\Router.php(799): Illuminate\Routing\Route->run()
#15 D:\laragon\www\axiomeds\vendor\laravel\framework\src\Illuminate\Pipeline\Pipeline.php(141): Illuminate\Routing\Router->Illuminate\Routing\{closure}(Object(Illuminate\Http\Request))
#16 D:\laragon\www\axiomeds\vendor\laravel\framework\src\Illuminate\Routing\Middleware\SubstituteBindings.php(50): Illuminate\Pipeline\Pipeline->Illuminate\Pipeline\{closure}(Object(Illuminate\Http\Request))
#17 D:\laragon\www\axiomeds\vendor\laravel\framework\src\Illuminate\Pipeline\Pipeline.php(180): Illuminate\Routing\Middleware\SubstituteBindings->handle(Object(Illuminate\Http\Request), Object(Closure))
#18 D:\laragon\www\axiomeds\vendor\laravel\framework\src\Illuminate\Routing\Middleware\ThrottleRequests.php(159): Illuminate\Pipeline\Pipeline->Illuminate\Pipeline\{closure}(Object(Illuminate\Http\Request))
#19 D:\laragon\www\axiomeds\vendor\laravel\framework\src\Illuminate\Routing\Middleware\ThrottleRequests.php(135): Illuminate\Routing\Middleware\ThrottleRequests->handleRequest(Object(Illuminate\Http\Request), Object(Closure), Array)
#20 D:\laragon\www\axiomeds\vendor\laravel\framework\src\Illuminate\Routing\Middleware\ThrottleRequests.php(87): Illuminate\Routing\Middleware\ThrottleRequests->handleRequestUsingNamedLimiter(Object(Illuminate\Http\Request), Object(Closure), 'api', Object(Closure))
#21 D:\laragon\www\axiomeds\vendor\laravel\framework\src\Illuminate\Pipeline\Pipeline.php(180): Illuminate\Routing\Middleware\ThrottleRequests->handle(Object(Illuminate\Http\Request), Object(Closure), 'api')
#22 D:\laragon\www\axiomeds\vendor\laravel\framework\src\Illuminate\Auth\Middleware\Authenticate.php(57): Illuminate\Pipeline\Pipeline->Illuminate\Pipeline\{closure}(Object(Illuminate\Http\Request))
#23 D:\laragon\www\axiomeds\vendor\laravel\framework\src\Illuminate\Pipeline\Pipeline.php(180): Illuminate\Auth\Middleware\Authenticate->handle(Object(Illuminate\Http\Request), Object(Closure), 'api')
#24 D:\laragon\www\axiomeds\vendor\laravel\framework\src\Illuminate\Pipeline\Pipeline.php(116): Illuminate\Pipeline\Pipeline->Illuminate\Pipeline\{closure}(Object(Illuminate\Http\Request))
#25 D:\laragon\www\axiomeds\vendor\laravel\framework\src\Illuminate\Routing\Router.php(800): Illuminate\Pipeline\Pipeline->then(Object(Closure))
#26 D:\laragon\www\axiomeds\vendor\laravel\framework\src\Illuminate\Routing\Router.php(777): Illuminate\Routing\Router->runRouteWithinStack(Object(Illuminate\Routing\Route), Object(Illuminate\Http\Request))
#27 D:\laragon\www\axiomeds\vendor\laravel\framework\src\Illuminate\Routing\Router.php(741): Illuminate\Routing\Router->runRoute(Object(Illuminate\Http\Request), Object(Illuminate\Routing\Route))
#28 D:\laragon\www\axiomeds\vendor\laravel\framework\src\Illuminate\Routing\Router.php(730): Illuminate\Routing\Router->dispatchToRoute(Object(Illuminate\Http\Request))
#29 D:\laragon\www\axiomeds\vendor\laravel\framework\src\Illuminate\Foundation\Http\Kernel.php(200): Illuminate\Routing\Router->dispatch(Object(Illuminate\Http\Request))
#30 D:\laragon\www\axiomeds\vendor\laravel\framework\src\Illuminate\Pipeline\Pipeline.php(141): Illuminate\Foundation\Http\Kernel->Illuminate\Foundation\Http\{closure}(Object(Illuminate\Http\Request))
#31 D:\laragon\www\axiomeds\app\Http\Middleware\AppendBaseUrlToAvatarUrlMiddleware.php(19): Illuminate\Pipeline\Pipeline->Illuminate\Pipeline\{closure}(Object(Illuminate\Http\Request))
#32 D:\laragon\www\axiomeds\vendor\laravel\framework\src\Illuminate\Pipeline\Pipeline.php(180): App\Http\Middleware\AppendBaseUrlToAvatarUrlMiddleware->handle(Object(Illuminate\Http\Request), Object(Closure))
#33 D:\laragon\www\axiomeds\vendor\laravel\framework\src\Illuminate\Foundation\Http\Middleware\TransformsRequest.php(21): Illuminate\Pipeline\Pipeline->Illuminate\Pipeline\{closure}(Object(Illuminate\Http\Request))
#34 D:\laragon\www\axiomeds\vendor\laravel\framework\src\Illuminate\Foundation\Http\Middleware\ConvertEmptyStringsToNull.php(31): Illuminate\Foundation\Http\Middleware\TransformsRequest->handle(Object(Illuminate\Http\Request), Object(Closure))
#35 D:\laragon\www\axiomeds\vendor\laravel\framework\src\Illuminate\Pipeline\Pipeline.php(180): Illuminate\Foundation\Http\Middleware\ConvertEmptyStringsToNull->handle(Object(Illuminate\Http\Request), Object(Closure))
#36 D:\laragon\www\axiomeds\vendor\laravel\framework\src\Illuminate\Foundation\Http\Middleware\TransformsRequest.php(21): Illuminate\Pipeline\Pipeline->Illuminate\Pipeline\{closure}(Object(Illuminate\Http\Request))
#37 D:\laragon\www\axiomeds\vendor\laravel\framework\src\Illuminate\Foundation\Http\Middleware\TrimStrings.php(40): Illuminate\Foundation\Http\Middleware\TransformsRequest->handle(Object(Illuminate\Http\Request), Object(Closure))
#38 D:\laragon\www\axiomeds\vendor\laravel\framework\src\Illuminate\Pipeline\Pipeline.php(180): Illuminate\Foundation\Http\Middleware\TrimStrings->handle(Object(Illuminate\Http\Request), Object(Closure))
#39 D:\laragon\www\axiomeds\vendor\laravel\framework\src\Illuminate\Foundation\Http\Middleware\ValidatePostSize.php(27): Illuminate\Pipeline\Pipeline->Illuminate\Pipeline\{closure}(Object(Illuminate\Http\Request))
#40 D:\laragon\www\axiomeds\vendor\laravel\framework\src\Illuminate\Pipeline\Pipeline.php(180): Illuminate\Foundation\Http\Middleware\ValidatePostSize->handle(Object(Illuminate\Http\Request), Object(Closure))
#41 D:\laragon\www\axiomeds\vendor\laravel\framework\src\Illuminate\Foundation\Http\Middleware\PreventRequestsDuringMaintenance.php(99): Illuminate\Pipeline\Pipeline->Illuminate\Pipeline\{closure}(Object(Illuminate\Http\Request))
#42 D:\laragon\www\axiomeds\vendor\laravel\framework\src\Illuminate\Pipeline\Pipeline.php(180): Illuminate\Foundation\Http\Middleware\PreventRequestsDuringMaintenance->handle(Object(Illuminate\Http\Request), Object(Closure))
#43 D:\laragon\www\axiomeds\vendor\laravel\framework\src\Illuminate\Http\Middleware\HandleCors.php(62): Illuminate\Pipeline\Pipeline->Illuminate\Pipeline\{closure}(Object(Illuminate\Http\Request))
#44 D:\laragon\www\axiomeds\vendor\laravel\framework\src\Illuminate\Pipeline\Pipeline.php(180): Illuminate\Http\Middleware\HandleCors->handle(Object(Illuminate\Http\Request), Object(Closure))
#45 D:\laragon\www\axiomeds\vendor\laravel\framework\src\Illuminate\Http\Middleware\TrustProxies.php(39): Illuminate\Pipeline\Pipeline->Illuminate\Pipeline\{closure}(Object(Illuminate\Http\Request))
#46 D:\laragon\www\axiomeds\vendor\laravel\framework\src\Illuminate\Pipeline\Pipeline.php(180): Illuminate\Http\Middleware\TrustProxies->handle(Object(Illuminate\Http\Request), Object(Closure))
#47 D:\laragon\www\axiomeds\vendor\laravel\framework\src\Illuminate\Pipeline\Pipeline.php(116): Illuminate\Pipeline\Pipeline->Illuminate\Pipeline\{closure}(Object(Illuminate\Http\Request))
#48 D:\laragon\www\axiomeds\vendor\laravel\framework\src\Illuminate\Foundation\Http\Kernel.php(175): Illuminate\Pipeline\Pipeline->then(Object(Closure))
#49 D:\laragon\www\axiomeds\vendor\laravel\framework\src\Illuminate\Foundation\Http\Kernel.php(144): Illuminate\Foundation\Http\Kernel->sendRequestThroughRouter(Object(Illuminate\Http\Request))
#50 D:\laragon\www\axiomeds\public\index.php(52): Illuminate\Foundation\Http\Kernel->handle(Object(Illuminate\Http\Request))
#51 {main}
2023-11-08 03:30:59 com\zoho\api\logger\SDKLogger SEVERE Exception :  com\zoho\crm\api\exception\SDKException Caused by : INVALID TOKEN ERROR - invalid_client
D:\laragon\www\axiomeds\vendor\zohocrm\php-sdk-2.1\src\com\zoho\api\authenticator\OAuthToken.php- 377- invalid_client
#0 D:\laragon\www\axiomeds\vendor\zohocrm\php-sdk-2.1\src\com\zoho\api\authenticator\OAuthToken.php(306): com\zoho\api\authenticator\OAuthToken->processResponse('HTTP/1.1 200 \r\n...')
#1 D:\laragon\www\axiomeds\vendor\zohocrm\php-sdk-2.1\src\com\zoho\api\authenticator\OAuthToken.php(235): com\zoho\api\authenticator\OAuthToken->refreshAccessToken(Object(com\zoho\crm\api\UserSignature), Object(com\zoho\api\authenticator\store\FileStore))
#2 D:\laragon\www\axiomeds\vendor\zohocrm\php-sdk-2.1\src\com\zoho\crm\api\util\CommonAPIHandler.php(253): com\zoho\api\authenticator\OAuthToken->authenticate(Object(com\zoho\crm\api\util\APIHTTPConnector))
#3 D:\laragon\www\axiomeds\vendor\zohocrm\php-sdk-2.1\src\com\zoho\crm\api\fields\FieldsOperations.php(41): com\zoho\crm\api\util\CommonAPIHandler->apiCall('com\\zoho\\crm\\ap...', 'application/jso...')
#4 D:\laragon\www\axiomeds\vendor\zohocrm\php-sdk-2.1\src\com\zoho\crm\api\util\Utility.php(582): com\zoho\crm\api\fields\FieldsOperations->getFields(Object(com\zoho\crm\api\ParameterMap))
#5 D:\laragon\www\axiomeds\vendor\zohocrm\php-sdk-2.1\src\com\zoho\crm\api\util\Utility.php(275): com\zoho\crm\api\util\Utility::getFieldDetails('Leads')
#6 D:\laragon\www\axiomeds\vendor\zohocrm\php-sdk-2.1\src\com\zoho\crm\api\util\Utility.php(170): com\zoho\crm\api\util\Utility::getFieldsInfo('Leads', Object(com\zoho\crm\api\util\CommonAPIHandler))
#7 D:\laragon\www\axiomeds\vendor\zohocrm\php-sdk-2.1\src\com\zoho\crm\api\record\RecordOperations.php(117): com\zoho\crm\api\util\Utility::getFields('Leads', Object(com\zoho\crm\api\util\CommonAPIHandler))
#8 D:\laragon\www\axiomeds\app\Services\ZohoService.php(45): com\zoho\crm\api\record\RecordOperations->getRecords('Leads', Object(com\zoho\crm\api\ParameterMap), Object(com\zoho\crm\api\HeaderMap))
#9 D:\laragon\www\axiomeds\app\Http\Controllers\Api\Accounts\InvoiceController.php(82): App\Services\ZohoService->getRecord()
#10 D:\laragon\www\axiomeds\vendor\laravel\framework\src\Illuminate\Routing\Controller.php(54): App\Http\Controllers\Api\Accounts\InvoiceController->store(Object(App\Http\Requests\Api\Accounts\CreateInvoiceRequest))
#11 D:\laragon\www\axiomeds\vendor\laravel\framework\src\Illuminate\Routing\ControllerDispatcher.php(43): Illuminate\Routing\Controller->callAction('store', Array)
#12 D:\laragon\www\axiomeds\vendor\laravel\framework\src\Illuminate\Routing\Route.php(260): Illuminate\Routing\ControllerDispatcher->dispatch(Object(Illuminate\Routing\Route), Object(App\Http\Controllers\Api\Accounts\InvoiceController), 'store')
#13 D:\laragon\www\axiomeds\vendor\laravel\framework\src\Illuminate\Routing\Route.php(205): Illuminate\Routing\Route->runController()
#14 D:\laragon\www\axiomeds\vendor\laravel\framework\src\Illuminate\Routing\Router.php(799): Illuminate\Routing\Route->run()
#15 D:\laragon\www\axiomeds\vendor\laravel\framework\src\Illuminate\Pipeline\Pipeline.php(141): Illuminate\Routing\Router->Illuminate\Routing\{closure}(Object(Illuminate\Http\Request))
#16 D:\laragon\www\axiomeds\vendor\laravel\framework\src\Illuminate\Routing\Middleware\SubstituteBindings.php(50): Illuminate\Pipeline\Pipeline->Illuminate\Pipeline\{closure}(Object(Illuminate\Http\Request))
#17 D:\laragon\www\axiomeds\vendor\laravel\framework\src\Illuminate\Pipeline\Pipeline.php(180): Illuminate\Routing\Middleware\SubstituteBindings->handle(Object(Illuminate\Http\Request), Object(Closure))
#18 D:\laragon\www\axiomeds\vendor\laravel\framework\src\Illuminate\Routing\Middleware\ThrottleRequests.php(159): Illuminate\Pipeline\Pipeline->Illuminate\Pipeline\{closure}(Object(Illuminate\Http\Request))
#19 D:\laragon\www\axiomeds\vendor\laravel\framework\src\Illuminate\Routing\Middleware\ThrottleRequests.php(135): Illuminate\Routing\Middleware\ThrottleRequests->handleRequest(Object(Illuminate\Http\Request), Object(Closure), Array)
#20 D:\laragon\www\axiomeds\vendor\laravel\framework\src\Illuminate\Routing\Middleware\ThrottleRequests.php(87): Illuminate\Routing\Middleware\ThrottleRequests->handleRequestUsingNamedLimiter(Object(Illuminate\Http\Request), Object(Closure), 'api', Object(Closure))
#21 D:\laragon\www\axiomeds\vendor\laravel\framework\src\Illuminate\Pipeline\Pipeline.php(180): Illuminate\Routing\Middleware\ThrottleRequests->handle(Object(Illuminate\Http\Request), Object(Closure), 'api')
#22 D:\laragon\www\axiomeds\vendor\laravel\framework\src\Illuminate\Auth\Middleware\Authenticate.php(57): Illuminate\Pipeline\Pipeline->Illuminate\Pipeline\{closure}(Object(Illuminate\Http\Request))
#23 D:\laragon\www\axiomeds\vendor\laravel\framework\src\Illuminate\Pipeline\Pipeline.php(180): Illuminate\Auth\Middleware\Authenticate->handle(Object(Illuminate\Http\Request), Object(Closure), 'api')
#24 D:\laragon\www\axiomeds\vendor\laravel\framework\src\Illuminate\Pipeline\Pipeline.php(116): Illuminate\Pipeline\Pipeline->Illuminate\Pipeline\{closure}(Object(Illuminate\Http\Request))
#25 D:\laragon\www\axiomeds\vendor\laravel\framework\src\Illuminate\Routing\Router.php(800): Illuminate\Pipeline\Pipeline->then(Object(Closure))
#26 D:\laragon\www\axiomeds\vendor\laravel\framework\src\Illuminate\Routing\Router.php(777): Illuminate\Routing\Router->runRouteWithinStack(Object(Illuminate\Routing\Route), Object(Illuminate\Http\Request))
#27 D:\laragon\www\axiomeds\vendor\laravel\framework\src\Illuminate\Routing\Router.php(741): Illuminate\Routing\Router->runRoute(Object(Illuminate\Http\Request), Object(Illuminate\Routing\Route))
#28 D:\laragon\www\axiomeds\vendor\laravel\framework\src\Illuminate\Routing\Router.php(730): Illuminate\Routing\Router->dispatchToRoute(Object(Illuminate\Http\Request))
#29 D:\laragon\www\axiomeds\vendor\laravel\framework\src\Illuminate\Foundation\Http\Kernel.php(200): Illuminate\Routing\Router->dispatch(Object(Illuminate\Http\Request))
#30 D:\laragon\www\axiomeds\vendor\laravel\framework\src\Illuminate\Pipeline\Pipeline.php(141): Illuminate\Foundation\Http\Kernel->Illuminate\Foundation\Http\{closure}(Object(Illuminate\Http\Request))
#31 D:\laragon\www\axiomeds\app\Http\Middleware\AppendBaseUrlToAvatarUrlMiddleware.php(19): Illuminate\Pipeline\Pipeline->Illuminate\Pipeline\{closure}(Object(Illuminate\Http\Request))
#32 D:\laragon\www\axiomeds\vendor\laravel\framework\src\Illuminate\Pipeline\Pipeline.php(180): App\Http\Middleware\AppendBaseUrlToAvatarUrlMiddleware->handle(Object(Illuminate\Http\Request), Object(Closure))
#33 D:\laragon\www\axiomeds\vendor\laravel\framework\src\Illuminate\Foundation\Http\Middleware\TransformsRequest.php(21): Illuminate\Pipeline\Pipeline->Illuminate\Pipeline\{closure}(Object(Illuminate\Http\Request))
#34 D:\laragon\www\axiomeds\vendor\laravel\framework\src\Illuminate\Foundation\Http\Middleware\ConvertEmptyStringsToNull.php(31): Illuminate\Foundation\Http\Middleware\TransformsRequest->handle(Object(Illuminate\Http\Request), Object(Closure))
#35 D:\laragon\www\axiomeds\vendor\laravel\framework\src\Illuminate\Pipeline\Pipeline.php(180): Illuminate\Foundation\Http\Middleware\ConvertEmptyStringsToNull->handle(Object(Illuminate\Http\Request), Object(Closure))
#36 D:\laragon\www\axiomeds\vendor\laravel\framework\src\Illuminate\Foundation\Http\Middleware\TransformsRequest.php(21): Illuminate\Pipeline\Pipeline->Illuminate\Pipeline\{closure}(Object(Illuminate\Http\Request))
#37 D:\laragon\www\axiomeds\vendor\laravel\framework\src\Illuminate\Foundation\Http\Middleware\TrimStrings.php(40): Illuminate\Foundation\Http\Middleware\TransformsRequest->handle(Object(Illuminate\Http\Request), Object(Closure))
#38 D:\laragon\www\axiomeds\vendor\laravel\framework\src\Illuminate\Pipeline\Pipeline.php(180): Illuminate\Foundation\Http\Middleware\TrimStrings->handle(Object(Illuminate\Http\Request), Object(Closure))
#39 D:\laragon\www\axiomeds\vendor\laravel\framework\src\Illuminate\Foundation\Http\Middleware\ValidatePostSize.php(27): Illuminate\Pipeline\Pipeline->Illuminate\Pipeline\{closure}(Object(Illuminate\Http\Request))
#40 D:\laragon\www\axiomeds\vendor\laravel\framework\src\Illuminate\Pipeline\Pipeline.php(180): Illuminate\Foundation\Http\Middleware\ValidatePostSize->handle(Object(Illuminate\Http\Request), Object(Closure))
#41 D:\laragon\www\axiomeds\vendor\laravel\framework\src\Illuminate\Foundation\Http\Middleware\PreventRequestsDuringMaintenance.php(99): Illuminate\Pipeline\Pipeline->Illuminate\Pipeline\{closure}(Object(Illuminate\Http\Request))
#42 D:\laragon\www\axiomeds\vendor\laravel\framework\src\Illuminate\Pipeline\Pipeline.php(180): Illuminate\Foundation\Http\Middleware\PreventRequestsDuringMaintenance->handle(Object(Illuminate\Http\Request), Object(Closure))
#43 D:\laragon\www\axiomeds\vendor\laravel\framework\src\Illuminate\Http\Middleware\HandleCors.php(62): Illuminate\Pipeline\Pipeline->Illuminate\Pipeline\{closure}(Object(Illuminate\Http\Request))
#44 D:\laragon\www\axiomeds\vendor\laravel\framework\src\Illuminate\Pipeline\Pipeline.php(180): Illuminate\Http\Middleware\HandleCors->handle(Object(Illuminate\Http\Request), Object(Closure))
#45 D:\laragon\www\axiomeds\vendor\laravel\framework\src\Illuminate\Http\Middleware\TrustProxies.php(39): Illuminate\Pipeline\Pipeline->Illuminate\Pipeline\{closure}(Object(Illuminate\Http\Request))
#46 D:\laragon\www\axiomeds\vendor\laravel\framework\src\Illuminate\Pipeline\Pipeline.php(180): Illuminate\Http\Middleware\TrustProxies->handle(Object(Illuminate\Http\Request), Object(Closure))
#47 D:\laragon\www\axiomeds\vendor\laravel\framework\src\Illuminate\Pipeline\Pipeline.php(116): Illuminate\Pipeline\Pipeline->Illuminate\Pipeline\{closure}(Object(Illuminate\Http\Request))
#48 D:\laragon\www\axiomeds\vendor\laravel\framework\src\Illuminate\Foundation\Http\Kernel.php(175): Illuminate\Pipeline\Pipeline->then(Object(Closure))
#49 D:\laragon\www\axiomeds\vendor\laravel\framework\src\Illuminate\Foundation\Http\Kernel.php(144): Illuminate\Foundation\Http\Kernel->sendRequestThroughRouter(Object(Illuminate\Http\Request))
#50 D:\laragon\www\axiomeds\public\index.php(52): Illuminate\Foundation\Http\Kernel->handle(Object(Illuminate\Http\Request))
#51 {main}
2023-11-08 03:31:15 com\zoho\api\logger\SDKLogger INFO Initialization successful for Email Id : abc@zoho.com in Environment : https://www.zohoapis.com.
2023-11-08 03:31:16 com\zoho\api\logger\SDKLogger SEVERE Exception in authenticating current request :  com\zoho\crm\api\exception\SDKException Caused by : INVALID TOKEN ERROR - invalid_client
D:\laragon\www\axiomeds\vendor\zohocrm\php-sdk-2.1\src\com\zoho\api\authenticator\OAuthToken.php- 377- invalid_client
#0 D:\laragon\www\axiomeds\vendor\zohocrm\php-sdk-2.1\src\com\zoho\api\authenticator\OAuthToken.php(306): com\zoho\api\authenticator\OAuthToken->processResponse('HTTP/1.1 200 \r\n...')
#1 D:\laragon\www\axiomeds\vendor\zohocrm\php-sdk-2.1\src\com\zoho\api\authenticator\OAuthToken.php(235): com\zoho\api\authenticator\OAuthToken->refreshAccessToken(Object(com\zoho\crm\api\UserSignature), Object(com\zoho\api\authenticator\store\FileStore))
#2 D:\laragon\www\axiomeds\vendor\zohocrm\php-sdk-2.1\src\com\zoho\crm\api\util\CommonAPIHandler.php(253): com\zoho\api\authenticator\OAuthToken->authenticate(Object(com\zoho\crm\api\util\APIHTTPConnector))
#3 D:\laragon\www\axiomeds\vendor\zohocrm\php-sdk-2.1\src\com\zoho\crm\api\fields\FieldsOperations.php(41): com\zoho\crm\api\util\CommonAPIHandler->apiCall('com\\zoho\\crm\\ap...', 'application/jso...')
#4 D:\laragon\www\axiomeds\vendor\zohocrm\php-sdk-2.1\src\com\zoho\crm\api\util\Utility.php(582): com\zoho\crm\api\fields\FieldsOperations->getFields(Object(com\zoho\crm\api\ParameterMap))
#5 D:\laragon\www\axiomeds\vendor\zohocrm\php-sdk-2.1\src\com\zoho\crm\api\util\Utility.php(96): com\zoho\crm\api\util\Utility::getFieldDetails('Leads')
#6 D:\laragon\www\axiomeds\vendor\zohocrm\php-sdk-2.1\src\com\zoho\crm\api\util\Utility.php(213): com\zoho\crm\api\util\Utility::fileExistsFlow('Leads', 'D:\\laragon\\www\\...', NULL)
#7 D:\laragon\www\axiomeds\vendor\zohocrm\php-sdk-2.1\src\com\zoho\crm\api\util\Utility.php(170): com\zoho\crm\api\util\Utility::getFieldsInfo('Leads', Object(com\zoho\crm\api\util\CommonAPIHandler))
#8 D:\laragon\www\axiomeds\vendor\zohocrm\php-sdk-2.1\src\com\zoho\crm\api\record\RecordOperations.php(117): com\zoho\crm\api\util\Utility::getFields('Leads', Object(com\zoho\crm\api\util\CommonAPIHandler))
#9 D:\laragon\www\axiomeds\app\Services\ZohoService.php(45): com\zoho\crm\api\record\RecordOperations->getRecords('Leads', Object(com\zoho\crm\api\ParameterMap), Object(com\zoho\crm\api\HeaderMap))
#10 D:\laragon\www\axiomeds\app\Http\Controllers\Api\Accounts\InvoiceController.php(82): App\Services\ZohoService->getRecord()
#11 D:\laragon\www\axiomeds\vendor\laravel\framework\src\Illuminate\Routing\Controller.php(54): App\Http\Controllers\Api\Accounts\InvoiceController->store(Object(App\Http\Requests\Api\Accounts\CreateInvoiceRequest))
#12 D:\laragon\www\axiomeds\vendor\laravel\framework\src\Illuminate\Routing\ControllerDispatcher.php(43): Illuminate\Routing\Controller->callAction('store', Array)
#13 D:\laragon\www\axiomeds\vendor\laravel\framework\src\Illuminate\Routing\Route.php(260): Illuminate\Routing\ControllerDispatcher->dispatch(Object(Illuminate\Routing\Route), Object(App\Http\Controllers\Api\Accounts\InvoiceController), 'store')
#14 D:\laragon\www\axiomeds\vendor\laravel\framework\src\Illuminate\Routing\Route.php(205): Illuminate\Routing\Route->runController()
#15 D:\laragon\www\axiomeds\vendor\laravel\framework\src\Illuminate\Routing\Router.php(799): Illuminate\Routing\Route->run()
#16 D:\laragon\www\axiomeds\vendor\laravel\framework\src\Illuminate\Pipeline\Pipeline.php(141): Illuminate\Routing\Router->Illuminate\Routing\{closure}(Object(Illuminate\Http\Request))
#17 D:\laragon\www\axiomeds\vendor\laravel\framework\src\Illuminate\Routing\Middleware\SubstituteBindings.php(50): Illuminate\Pipeline\Pipeline->Illuminate\Pipeline\{closure}(Object(Illuminate\Http\Request))
#18 D:\laragon\www\axiomeds\vendor\laravel\framework\src\Illuminate\Pipeline\Pipeline.php(180): Illuminate\Routing\Middleware\SubstituteBindings->handle(Object(Illuminate\Http\Request), Object(Closure))
#19 D:\laragon\www\axiomeds\vendor\laravel\framework\src\Illuminate\Routing\Middleware\ThrottleRequests.php(159): Illuminate\Pipeline\Pipeline->Illuminate\Pipeline\{closure}(Object(Illuminate\Http\Request))
#20 D:\laragon\www\axiomeds\vendor\laravel\framework\src\Illuminate\Routing\Middleware\ThrottleRequests.php(135): Illuminate\Routing\Middleware\ThrottleRequests->handleRequest(Object(Illuminate\Http\Request), Object(Closure), Array)
#21 D:\laragon\www\axiomeds\vendor\laravel\framework\src\Illuminate\Routing\Middleware\ThrottleRequests.php(87): Illuminate\Routing\Middleware\ThrottleRequests->handleRequestUsingNamedLimiter(Object(Illuminate\Http\Request), Object(Closure), 'api', Object(Closure))
#22 D:\laragon\www\axiomeds\vendor\laravel\framework\src\Illuminate\Pipeline\Pipeline.php(180): Illuminate\Routing\Middleware\ThrottleRequests->handle(Object(Illuminate\Http\Request), Object(Closure), 'api')
#23 D:\laragon\www\axiomeds\vendor\laravel\framework\src\Illuminate\Auth\Middleware\Authenticate.php(57): Illuminate\Pipeline\Pipeline->Illuminate\Pipeline\{closure}(Object(Illuminate\Http\Request))
#24 D:\laragon\www\axiomeds\vendor\laravel\framework\src\Illuminate\Pipeline\Pipeline.php(180): Illuminate\Auth\Middleware\Authenticate->handle(Object(Illuminate\Http\Request), Object(Closure), 'api')
#25 D:\laragon\www\axiomeds\vendor\laravel\framework\src\Illuminate\Pipeline\Pipeline.php(116): Illuminate\Pipeline\Pipeline->Illuminate\Pipeline\{closure}(Object(Illuminate\Http\Request))
#26 D:\laragon\www\axiomeds\vendor\laravel\framework\src\Illuminate\Routing\Router.php(800): Illuminate\Pipeline\Pipeline->then(Object(Closure))
#27 D:\laragon\www\axiomeds\vendor\laravel\framework\src\Illuminate\Routing\Router.php(777): Illuminate\Routing\Router->runRouteWithinStack(Object(Illuminate\Routing\Route), Object(Illuminate\Http\Request))
#28 D:\laragon\www\axiomeds\vendor\laravel\framework\src\Illuminate\Routing\Router.php(741): Illuminate\Routing\Router->runRoute(Object(Illuminate\Http\Request), Object(Illuminate\Routing\Route))
#29 D:\laragon\www\axiomeds\vendor\laravel\framework\src\Illuminate\Routing\Router.php(730): Illuminate\Routing\Router->dispatchToRoute(Object(Illuminate\Http\Request))
#30 D:\laragon\www\axiomeds\vendor\laravel\framework\src\Illuminate\Foundation\Http\Kernel.php(200): Illuminate\Routing\Router->dispatch(Object(Illuminate\Http\Request))
#31 D:\laragon\www\axiomeds\vendor\laravel\framework\src\Illuminate\Pipeline\Pipeline.php(141): Illuminate\Foundation\Http\Kernel->Illuminate\Foundation\Http\{closure}(Object(Illuminate\Http\Request))
#32 D:\laragon\www\axiomeds\app\Http\Middleware\AppendBaseUrlToAvatarUrlMiddleware.php(19): Illuminate\Pipeline\Pipeline->Illuminate\Pipeline\{closure}(Object(Illuminate\Http\Request))
#33 D:\laragon\www\axiomeds\vendor\laravel\framework\src\Illuminate\Pipeline\Pipeline.php(180): App\Http\Middleware\AppendBaseUrlToAvatarUrlMiddleware->handle(Object(Illuminate\Http\Request), Object(Closure))
#34 D:\laragon\www\axiomeds\vendor\laravel\framework\src\Illuminate\Foundation\Http\Middleware\TransformsRequest.php(21): Illuminate\Pipeline\Pipeline->Illuminate\Pipeline\{closure}(Object(Illuminate\Http\Request))
#35 D:\laragon\www\axiomeds\vendor\laravel\framework\src\Illuminate\Foundation\Http\Middleware\ConvertEmptyStringsToNull.php(31): Illuminate\Foundation\Http\Middleware\TransformsRequest->handle(Object(Illuminate\Http\Request), Object(Closure))
#36 D:\laragon\www\axiomeds\vendor\laravel\framework\src\Illuminate\Pipeline\Pipeline.php(180): Illuminate\Foundation\Http\Middleware\ConvertEmptyStringsToNull->handle(Object(Illuminate\Http\Request), Object(Closure))
#37 D:\laragon\www\axiomeds\vendor\laravel\framework\src\Illuminate\Foundation\Http\Middleware\TransformsRequest.php(21): Illuminate\Pipeline\Pipeline->Illuminate\Pipeline\{closure}(Object(Illuminate\Http\Request))
#38 D:\laragon\www\axiomeds\vendor\laravel\framework\src\Illuminate\Foundation\Http\Middleware\TrimStrings.php(40): Illuminate\Foundation\Http\Middleware\TransformsRequest->handle(Object(Illuminate\Http\Request), Object(Closure))
#39 D:\laragon\www\axiomeds\vendor\laravel\framework\src\Illuminate\Pipeline\Pipeline.php(180): Illuminate\Foundation\Http\Middleware\TrimStrings->handle(Object(Illuminate\Http\Request), Object(Closure))
#40 D:\laragon\www\axiomeds\vendor\laravel\framework\src\Illuminate\Foundation\Http\Middleware\ValidatePostSize.php(27): Illuminate\Pipeline\Pipeline->Illuminate\Pipeline\{closure}(Object(Illuminate\Http\Request))
#41 D:\laragon\www\axiomeds\vendor\laravel\framework\src\Illuminate\Pipeline\Pipeline.php(180): Illuminate\Foundation\Http\Middleware\ValidatePostSize->handle(Object(Illuminate\Http\Request), Object(Closure))
#42 D:\laragon\www\axiomeds\vendor\laravel\framework\src\Illuminate\Foundation\Http\Middleware\PreventRequestsDuringMaintenance.php(99): Illuminate\Pipeline\Pipeline->Illuminate\Pipeline\{closure}(Object(Illuminate\Http\Request))
#43 D:\laragon\www\axiomeds\vendor\laravel\framework\src\Illuminate\Pipeline\Pipeline.php(180): Illuminate\Foundation\Http\Middleware\PreventRequestsDuringMaintenance->handle(Object(Illuminate\Http\Request), Object(Closure))
#44 D:\laragon\www\axiomeds\vendor\laravel\framework\src\Illuminate\Http\Middleware\HandleCors.php(62): Illuminate\Pipeline\Pipeline->Illuminate\Pipeline\{closure}(Object(Illuminate\Http\Request))
#45 D:\laragon\www\axiomeds\vendor\laravel\framework\src\Illuminate\Pipeline\Pipeline.php(180): Illuminate\Http\Middleware\HandleCors->handle(Object(Illuminate\Http\Request), Object(Closure))
#46 D:\laragon\www\axiomeds\vendor\laravel\framework\src\Illuminate\Http\Middleware\TrustProxies.php(39): Illuminate\Pipeline\Pipeline->Illuminate\Pipeline\{closure}(Object(Illuminate\Http\Request))
#47 D:\laragon\www\axiomeds\vendor\laravel\framework\src\Illuminate\Pipeline\Pipeline.php(180): Illuminate\Http\Middleware\TrustProxies->handle(Object(Illuminate\Http\Request), Object(Closure))
#48 D:\laragon\www\axiomeds\vendor\laravel\framework\src\Illuminate\Pipeline\Pipeline.php(116): Illuminate\Pipeline\Pipeline->Illuminate\Pipeline\{closure}(Object(Illuminate\Http\Request))
#49 D:\laragon\www\axiomeds\vendor\laravel\framework\src\Illuminate\Foundation\Http\Kernel.php(175): Illuminate\Pipeline\Pipeline->then(Object(Closure))
#50 D:\laragon\www\axiomeds\vendor\laravel\framework\src\Illuminate\Foundation\Http\Kernel.php(144): Illuminate\Foundation\Http\Kernel->sendRequestThroughRouter(Object(Illuminate\Http\Request))
#51 D:\laragon\www\axiomeds\public\index.php(52): Illuminate\Foundation\Http\Kernel->handle(Object(Illuminate\Http\Request))
#52 {main}
2023-11-08 03:31:16 com\zoho\api\logger\SDKLogger SEVERE Exception :  com\zoho\crm\api\exception\SDKException Caused by : INVALID TOKEN ERROR - invalid_client
D:\laragon\www\axiomeds\vendor\zohocrm\php-sdk-2.1\src\com\zoho\api\authenticator\OAuthToken.php- 377- invalid_client
#0 D:\laragon\www\axiomeds\vendor\zohocrm\php-sdk-2.1\src\com\zoho\api\authenticator\OAuthToken.php(306): com\zoho\api\authenticator\OAuthToken->processResponse('HTTP/1.1 200 \r\n...')
#1 D:\laragon\www\axiomeds\vendor\zohocrm\php-sdk-2.1\src\com\zoho\api\authenticator\OAuthToken.php(235): com\zoho\api\authenticator\OAuthToken->refreshAccessToken(Object(com\zoho\crm\api\UserSignature), Object(com\zoho\api\authenticator\store\FileStore))
#2 D:\laragon\www\axiomeds\vendor\zohocrm\php-sdk-2.1\src\com\zoho\crm\api\util\CommonAPIHandler.php(253): com\zoho\api\authenticator\OAuthToken->authenticate(Object(com\zoho\crm\api\util\APIHTTPConnector))
#3 D:\laragon\www\axiomeds\vendor\zohocrm\php-sdk-2.1\src\com\zoho\crm\api\fields\FieldsOperations.php(41): com\zoho\crm\api\util\CommonAPIHandler->apiCall('com\\zoho\\crm\\ap...', 'application/jso...')
#4 D:\laragon\www\axiomeds\vendor\zohocrm\php-sdk-2.1\src\com\zoho\crm\api\util\Utility.php(582): com\zoho\crm\api\fields\FieldsOperations->getFields(Object(com\zoho\crm\api\ParameterMap))
#5 D:\laragon\www\axiomeds\vendor\zohocrm\php-sdk-2.1\src\com\zoho\crm\api\util\Utility.php(96): com\zoho\crm\api\util\Utility::getFieldDetails('Leads')
#6 D:\laragon\www\axiomeds\vendor\zohocrm\php-sdk-2.1\src\com\zoho\crm\api\util\Utility.php(213): com\zoho\crm\api\util\Utility::fileExistsFlow('Leads', 'D:\\laragon\\www\\...', NULL)
#7 D:\laragon\www\axiomeds\vendor\zohocrm\php-sdk-2.1\src\com\zoho\crm\api\util\Utility.php(170): com\zoho\crm\api\util\Utility::getFieldsInfo('Leads', Object(com\zoho\crm\api\util\CommonAPIHandler))
#8 D:\laragon\www\axiomeds\vendor\zohocrm\php-sdk-2.1\src\com\zoho\crm\api\record\RecordOperations.php(117): com\zoho\crm\api\util\Utility::getFields('Leads', Object(com\zoho\crm\api\util\CommonAPIHandler))
#9 D:\laragon\www\axiomeds\app\Services\ZohoService.php(45): com\zoho\crm\api\record\RecordOperations->getRecords('Leads', Object(com\zoho\crm\api\ParameterMap), Object(com\zoho\crm\api\HeaderMap))
#10 D:\laragon\www\axiomeds\app\Http\Controllers\Api\Accounts\InvoiceController.php(82): App\Services\ZohoService->getRecord()
#11 D:\laragon\www\axiomeds\vendor\laravel\framework\src\Illuminate\Routing\Controller.php(54): App\Http\Controllers\Api\Accounts\InvoiceController->store(Object(App\Http\Requests\Api\Accounts\CreateInvoiceRequest))
#12 D:\laragon\www\axiomeds\vendor\laravel\framework\src\Illuminate\Routing\ControllerDispatcher.php(43): Illuminate\Routing\Controller->callAction('store', Array)
#13 D:\laragon\www\axiomeds\vendor\laravel\framework\src\Illuminate\Routing\Route.php(260): Illuminate\Routing\ControllerDispatcher->dispatch(Object(Illuminate\Routing\Route), Object(App\Http\Controllers\Api\Accounts\InvoiceController), 'store')
#14 D:\laragon\www\axiomeds\vendor\laravel\framework\src\Illuminate\Routing\Route.php(205): Illuminate\Routing\Route->runController()
#15 D:\laragon\www\axiomeds\vendor\laravel\framework\src\Illuminate\Routing\Router.php(799): Illuminate\Routing\Route->run()
#16 D:\laragon\www\axiomeds\vendor\laravel\framework\src\Illuminate\Pipeline\Pipeline.php(141): Illuminate\Routing\Router->Illuminate\Routing\{closure}(Object(Illuminate\Http\Request))
#17 D:\laragon\www\axiomeds\vendor\laravel\framework\src\Illuminate\Routing\Middleware\SubstituteBindings.php(50): Illuminate\Pipeline\Pipeline->Illuminate\Pipeline\{closure}(Object(Illuminate\Http\Request))
#18 D:\laragon\www\axiomeds\vendor\laravel\framework\src\Illuminate\Pipeline\Pipeline.php(180): Illuminate\Routing\Middleware\SubstituteBindings->handle(Object(Illuminate\Http\Request), Object(Closure))
#19 D:\laragon\www\axiomeds\vendor\laravel\framework\src\Illuminate\Routing\Middleware\ThrottleRequests.php(159): Illuminate\Pipeline\Pipeline->Illuminate\Pipeline\{closure}(Object(Illuminate\Http\Request))
#20 D:\laragon\www\axiomeds\vendor\laravel\framework\src\Illuminate\Routing\Middleware\ThrottleRequests.php(135): Illuminate\Routing\Middleware\ThrottleRequests->handleRequest(Object(Illuminate\Http\Request), Object(Closure), Array)
#21 D:\laragon\www\axiomeds\vendor\laravel\framework\src\Illuminate\Routing\Middleware\ThrottleRequests.php(87): Illuminate\Routing\Middleware\ThrottleRequests->handleRequestUsingNamedLimiter(Object(Illuminate\Http\Request), Object(Closure), 'api', Object(Closure))
#22 D:\laragon\www\axiomeds\vendor\laravel\framework\src\Illuminate\Pipeline\Pipeline.php(180): Illuminate\Routing\Middleware\ThrottleRequests->handle(Object(Illuminate\Http\Request), Object(Closure), 'api')
#23 D:\laragon\www\axiomeds\vendor\laravel\framework\src\Illuminate\Auth\Middleware\Authenticate.php(57): Illuminate\Pipeline\Pipeline->Illuminate\Pipeline\{closure}(Object(Illuminate\Http\Request))
#24 D:\laragon\www\axiomeds\vendor\laravel\framework\src\Illuminate\Pipeline\Pipeline.php(180): Illuminate\Auth\Middleware\Authenticate->handle(Object(Illuminate\Http\Request), Object(Closure), 'api')
#25 D:\laragon\www\axiomeds\vendor\laravel\framework\src\Illuminate\Pipeline\Pipeline.php(116): Illuminate\Pipeline\Pipeline->Illuminate\Pipeline\{closure}(Object(Illuminate\Http\Request))
#26 D:\laragon\www\axiomeds\vendor\laravel\framework\src\Illuminate\Routing\Router.php(800): Illuminate\Pipeline\Pipeline->then(Object(Closure))
#27 D:\laragon\www\axiomeds\vendor\laravel\framework\src\Illuminate\Routing\Router.php(777): Illuminate\Routing\Router->runRouteWithinStack(Object(Illuminate\Routing\Route), Object(Illuminate\Http\Request))
#28 D:\laragon\www\axiomeds\vendor\laravel\framework\src\Illuminate\Routing\Router.php(741): Illuminate\Routing\Router->runRoute(Object(Illuminate\Http\Request), Object(Illuminate\Routing\Route))
#29 D:\laragon\www\axiomeds\vendor\laravel\framework\src\Illuminate\Routing\Router.php(730): Illuminate\Routing\Router->dispatchToRoute(Object(Illuminate\Http\Request))
#30 D:\laragon\www\axiomeds\vendor\laravel\framework\src\Illuminate\Foundation\Http\Kernel.php(200): Illuminate\Routing\Router->dispatch(Object(Illuminate\Http\Request))
#31 D:\laragon\www\axiomeds\vendor\laravel\framework\src\Illuminate\Pipeline\Pipeline.php(141): Illuminate\Foundation\Http\Kernel->Illuminate\Foundation\Http\{closure}(Object(Illuminate\Http\Request))
#32 D:\laragon\www\axiomeds\app\Http\Middleware\AppendBaseUrlToAvatarUrlMiddleware.php(19): Illuminate\Pipeline\Pipeline->Illuminate\Pipeline\{closure}(Object(Illuminate\Http\Request))
#33 D:\laragon\www\axiomeds\vendor\laravel\framework\src\Illuminate\Pipeline\Pipeline.php(180): App\Http\Middleware\AppendBaseUrlToAvatarUrlMiddleware->handle(Object(Illuminate\Http\Request), Object(Closure))
#34 D:\laragon\www\axiomeds\vendor\laravel\framework\src\Illuminate\Foundation\Http\Middleware\TransformsRequest.php(21): Illuminate\Pipeline\Pipeline->Illuminate\Pipeline\{closure}(Object(Illuminate\Http\Request))
#35 D:\laragon\www\axiomeds\vendor\laravel\framework\src\Illuminate\Foundation\Http\Middleware\ConvertEmptyStringsToNull.php(31): Illuminate\Foundation\Http\Middleware\TransformsRequest->handle(Object(Illuminate\Http\Request), Object(Closure))
#36 D:\laragon\www\axiomeds\vendor\laravel\framework\src\Illuminate\Pipeline\Pipeline.php(180): Illuminate\Foundation\Http\Middleware\ConvertEmptyStringsToNull->handle(Object(Illuminate\Http\Request), Object(Closure))
#37 D:\laragon\www\axiomeds\vendor\laravel\framework\src\Illuminate\Foundation\Http\Middleware\TransformsRequest.php(21): Illuminate\Pipeline\Pipeline->Illuminate\Pipeline\{closure}(Object(Illuminate\Http\Request))
#38 D:\laragon\www\axiomeds\vendor\laravel\framework\src\Illuminate\Foundation\Http\Middleware\TrimStrings.php(40): Illuminate\Foundation\Http\Middleware\TransformsRequest->handle(Object(Illuminate\Http\Request), Object(Closure))
#39 D:\laragon\www\axiomeds\vendor\laravel\framework\src\Illuminate\Pipeline\Pipeline.php(180): Illuminate\Foundation\Http\Middleware\TrimStrings->handle(Object(Illuminate\Http\Request), Object(Closure))
#40 D:\laragon\www\axiomeds\vendor\laravel\framework\src\Illuminate\Foundation\Http\Middleware\ValidatePostSize.php(27): Illuminate\Pipeline\Pipeline->Illuminate\Pipeline\{closure}(Object(Illuminate\Http\Request))
#41 D:\laragon\www\axiomeds\vendor\laravel\framework\src\Illuminate\Pipeline\Pipeline.php(180): Illuminate\Foundation\Http\Middleware\ValidatePostSize->handle(Object(Illuminate\Http\Request), Object(Closure))
#42 D:\laragon\www\axiomeds\vendor\laravel\framework\src\Illuminate\Foundation\Http\Middleware\PreventRequestsDuringMaintenance.php(99): Illuminate\Pipeline\Pipeline->Illuminate\Pipeline\{closure}(Object(Illuminate\Http\Request))
#43 D:\laragon\www\axiomeds\vendor\laravel\framework\src\Illuminate\Pipeline\Pipeline.php(180): Illuminate\Foundation\Http\Middleware\PreventRequestsDuringMaintenance->handle(Object(Illuminate\Http\Request), Object(Closure))
#44 D:\laragon\www\axiomeds\vendor\laravel\framework\src\Illuminate\Http\Middleware\HandleCors.php(62): Illuminate\Pipeline\Pipeline->Illuminate\Pipeline\{closure}(Object(Illuminate\Http\Request))
#45 D:\laragon\www\axiomeds\vendor\laravel\framework\src\Illuminate\Pipeline\Pipeline.php(180): Illuminate\Http\Middleware\HandleCors->handle(Object(Illuminate\Http\Request), Object(Closure))
#46 D:\laragon\www\axiomeds\vendor\laravel\framework\src\Illuminate\Http\Middleware\TrustProxies.php(39): Illuminate\Pipeline\Pipeline->Illuminate\Pipeline\{closure}(Object(Illuminate\Http\Request))
#47 D:\laragon\www\axiomeds\vendor\laravel\framework\src\Illuminate\Pipeline\Pipeline.php(180): Illuminate\Http\Middleware\TrustProxies->handle(Object(Illuminate\Http\Request), Object(Closure))
#48 D:\laragon\www\axiomeds\vendor\laravel\framework\src\Illuminate\Pipeline\Pipeline.php(116): Illuminate\Pipeline\Pipeline->Illuminate\Pipeline\{closure}(Object(Illuminate\Http\Request))
#49 D:\laragon\www\axiomeds\vendor\laravel\framework\src\Illuminate\Foundation\Http\Kernel.php(175): Illuminate\Pipeline\Pipeline->then(Object(Closure))
#50 D:\laragon\www\axiomeds\vendor\laravel\framework\src\Illuminate\Foundation\Http\Kernel.php(144): Illuminate\Foundation\Http\Kernel->sendRequestThroughRouter(Object(Illuminate\Http\Request))
#51 D:\laragon\www\axiomeds\public\index.php(52): Illuminate\Foundation\Http\Kernel->handle(Object(Illuminate\Http\Request))
#52 {main}
2023-11-08 14:15:20 com\zoho\api\logger\SDKLogger INFO Initialization successful for Email Id : alishiwani97@gmail.com in Environment : https://sandbox.zohoapis.com.
2023-11-08 14:15:26 com\zoho\api\logger\SDKLogger INFO Initialization successful for Email Id : alishiwani97@gmail.com in Environment : https://sandbox.zohoapis.com.
2023-11-08 14:16:57 com\zoho\api\logger\SDKLogger INFO Initialization successful for Email Id : alishiwani97@gmail.com in Environment : https://sandbox.zohoapis.com.
2023-11-08 14:17:40 com\zoho\api\logger\SDKLogger INFO Initialization successful for Email Id : alishiwani97@gmail.com in Environment : https://sandbox.zohoapis.com.
2023-11-08 14:17:41 com\zoho\api\logger\SDKLogger SEVERE Exception in authenticating current request :  com\zoho\crm\api\exception\SDKException Caused by : INVALID TOKEN ERROR - invalid_code
D:\laragon\www\axiomeds\vendor\zohocrm\php-sdk-2.1\src\com\zoho\api\authenticator\OAuthToken.php- 377- invalid_code
#0 D:\laragon\www\axiomeds\vendor\zohocrm\php-sdk-2.1\src\com\zoho\api\authenticator\OAuthToken.php(306): com\zoho\api\authenticator\OAuthToken->processResponse('HTTP/1.1 200 \r\n...')
#1 D:\laragon\www\axiomeds\vendor\zohocrm\php-sdk-2.1\src\com\zoho\api\authenticator\OAuthToken.php(235): com\zoho\api\authenticator\OAuthToken->refreshAccessToken(Object(com\zoho\crm\api\UserSignature), Object(com\zoho\api\authenticator\store\FileStore))
#2 D:\laragon\www\axiomeds\vendor\zohocrm\php-sdk-2.1\src\com\zoho\crm\api\util\CommonAPIHandler.php(253): com\zoho\api\authenticator\OAuthToken->authenticate(Object(com\zoho\crm\api\util\APIHTTPConnector))
#3 D:\laragon\www\axiomeds\vendor\zohocrm\php-sdk-2.1\src\com\zoho\crm\api\fields\FieldsOperations.php(41): com\zoho\crm\api\util\CommonAPIHandler->apiCall('com\\zoho\\crm\\ap...', 'application/jso...')
#4 D:\laragon\www\axiomeds\vendor\zohocrm\php-sdk-2.1\src\com\zoho\crm\api\util\Utility.php(582): com\zoho\crm\api\fields\FieldsOperations->getFields(Object(com\zoho\crm\api\ParameterMap))
#5 D:\laragon\www\axiomeds\vendor\zohocrm\php-sdk-2.1\src\com\zoho\crm\api\util\Utility.php(275): com\zoho\crm\api\util\Utility::getFieldDetails('Leads')
#6 D:\laragon\www\axiomeds\vendor\zohocrm\php-sdk-2.1\src\com\zoho\crm\api\util\Utility.php(170): com\zoho\crm\api\util\Utility::getFieldsInfo('Leads', Object(com\zoho\crm\api\util\CommonAPIHandler))
#7 D:\laragon\www\axiomeds\vendor\zohocrm\php-sdk-2.1\src\com\zoho\crm\api\record\RecordOperations.php(117): com\zoho\crm\api\util\Utility::getFields('Leads', Object(com\zoho\crm\api\util\CommonAPIHandler))
#8 D:\laragon\www\axiomeds\app\Services\ZohoService.php(47): com\zoho\crm\api\record\RecordOperations->getRecords('Leads', Object(com\zoho\crm\api\ParameterMap), Object(com\zoho\crm\api\HeaderMap))
#9 D:\laragon\www\axiomeds\app\Services\ZohoService.php(33): App\Services\ZohoService->getRecord()
#10 D:\laragon\www\axiomeds\app\Http\Controllers\Api\Accounts\InvoiceController.php(81): App\Services\ZohoService->initialize()
#11 D:\laragon\www\axiomeds\vendor\laravel\framework\src\Illuminate\Routing\Controller.php(54): App\Http\Controllers\Api\Accounts\InvoiceController->store(Object(App\Http\Requests\Api\Accounts\CreateInvoiceRequest))
#12 D:\laragon\www\axiomeds\vendor\laravel\framework\src\Illuminate\Routing\ControllerDispatcher.php(43): Illuminate\Routing\Controller->callAction('store', Array)
#13 D:\laragon\www\axiomeds\vendor\laravel\framework\src\Illuminate\Routing\Route.php(260): Illuminate\Routing\ControllerDispatcher->dispatch(Object(Illuminate\Routing\Route), Object(App\Http\Controllers\Api\Accounts\InvoiceController), 'store')
#14 D:\laragon\www\axiomeds\vendor\laravel\framework\src\Illuminate\Routing\Route.php(205): Illuminate\Routing\Route->runController()
#15 D:\laragon\www\axiomeds\vendor\laravel\framework\src\Illuminate\Routing\Router.php(799): Illuminate\Routing\Route->run()
#16 D:\laragon\www\axiomeds\vendor\laravel\framework\src\Illuminate\Pipeline\Pipeline.php(141): Illuminate\Routing\Router->Illuminate\Routing\{closure}(Object(Illuminate\Http\Request))
#17 D:\laragon\www\axiomeds\vendor\laravel\framework\src\Illuminate\Routing\Middleware\SubstituteBindings.php(50): Illuminate\Pipeline\Pipeline->Illuminate\Pipeline\{closure}(Object(Illuminate\Http\Request))
#18 D:\laragon\www\axiomeds\vendor\laravel\framework\src\Illuminate\Pipeline\Pipeline.php(180): Illuminate\Routing\Middleware\SubstituteBindings->handle(Object(Illuminate\Http\Request), Object(Closure))
#19 D:\laragon\www\axiomeds\vendor\laravel\framework\src\Illuminate\Routing\Middleware\ThrottleRequests.php(159): Illuminate\Pipeline\Pipeline->Illuminate\Pipeline\{closure}(Object(Illuminate\Http\Request))
#20 D:\laragon\www\axiomeds\vendor\laravel\framework\src\Illuminate\Routing\Middleware\ThrottleRequests.php(135): Illuminate\Routing\Middleware\ThrottleRequests->handleRequest(Object(Illuminate\Http\Request), Object(Closure), Array)
#21 D:\laragon\www\axiomeds\vendor\laravel\framework\src\Illuminate\Routing\Middleware\ThrottleRequests.php(87): Illuminate\Routing\Middleware\ThrottleRequests->handleRequestUsingNamedLimiter(Object(Illuminate\Http\Request), Object(Closure), 'api', Object(Closure))
#22 D:\laragon\www\axiomeds\vendor\laravel\framework\src\Illuminate\Pipeline\Pipeline.php(180): Illuminate\Routing\Middleware\ThrottleRequests->handle(Object(Illuminate\Http\Request), Object(Closure), 'api')
#23 D:\laragon\www\axiomeds\vendor\laravel\framework\src\Illuminate\Auth\Middleware\Authenticate.php(57): Illuminate\Pipeline\Pipeline->Illuminate\Pipeline\{closure}(Object(Illuminate\Http\Request))
#24 D:\laragon\www\axiomeds\vendor\laravel\framework\src\Illuminate\Pipeline\Pipeline.php(180): Illuminate\Auth\Middleware\Authenticate->handle(Object(Illuminate\Http\Request), Object(Closure), 'api')
#25 D:\laragon\www\axiomeds\vendor\laravel\framework\src\Illuminate\Pipeline\Pipeline.php(116): Illuminate\Pipeline\Pipeline->Illuminate\Pipeline\{closure}(Object(Illuminate\Http\Request))
#26 D:\laragon\www\axiomeds\vendor\laravel\framework\src\Illuminate\Routing\Router.php(800): Illuminate\Pipeline\Pipeline->then(Object(Closure))
#27 D:\laragon\www\axiomeds\vendor\laravel\framework\src\Illuminate\Routing\Router.php(777): Illuminate\Routing\Router->runRouteWithinStack(Object(Illuminate\Routing\Route), Object(Illuminate\Http\Request))
#28 D:\laragon\www\axiomeds\vendor\laravel\framework\src\Illuminate\Routing\Router.php(741): Illuminate\Routing\Router->runRoute(Object(Illuminate\Http\Request), Object(Illuminate\Routing\Route))
#29 D:\laragon\www\axiomeds\vendor\laravel\framework\src\Illuminate\Routing\Router.php(730): Illuminate\Routing\Router->dispatchToRoute(Object(Illuminate\Http\Request))
#30 D:\laragon\www\axiomeds\vendor\laravel\framework\src\Illuminate\Foundation\Http\Kernel.php(200): Illuminate\Routing\Router->dispatch(Object(Illuminate\Http\Request))
#31 D:\laragon\www\axiomeds\vendor\laravel\framework\src\Illuminate\Pipeline\Pipeline.php(141): Illuminate\Foundation\Http\Kernel->Illuminate\Foundation\Http\{closure}(Object(Illuminate\Http\Request))
#32 D:\laragon\www\axiomeds\app\Http\Middleware\AppendBaseUrlToAvatarUrlMiddleware.php(19): Illuminate\Pipeline\Pipeline->Illuminate\Pipeline\{closure}(Object(Illuminate\Http\Request))
#33 D:\laragon\www\axiomeds\vendor\laravel\framework\src\Illuminate\Pipeline\Pipeline.php(180): App\Http\Middleware\AppendBaseUrlToAvatarUrlMiddleware->handle(Object(Illuminate\Http\Request), Object(Closure))
#34 D:\laragon\www\axiomeds\vendor\laravel\framework\src\Illuminate\Foundation\Http\Middleware\TransformsRequest.php(21): Illuminate\Pipeline\Pipeline->Illuminate\Pipeline\{closure}(Object(Illuminate\Http\Request))
#35 D:\laragon\www\axiomeds\vendor\laravel\framework\src\Illuminate\Foundation\Http\Middleware\ConvertEmptyStringsToNull.php(31): Illuminate\Foundation\Http\Middleware\TransformsRequest->handle(Object(Illuminate\Http\Request), Object(Closure))
#36 D:\laragon\www\axiomeds\vendor\laravel\framework\src\Illuminate\Pipeline\Pipeline.php(180): Illuminate\Foundation\Http\Middleware\ConvertEmptyStringsToNull->handle(Object(Illuminate\Http\Request), Object(Closure))
#37 D:\laragon\www\axiomeds\vendor\laravel\framework\src\Illuminate\Foundation\Http\Middleware\TransformsRequest.php(21): Illuminate\Pipeline\Pipeline->Illuminate\Pipeline\{closure}(Object(Illuminate\Http\Request))
#38 D:\laragon\www\axiomeds\vendor\laravel\framework\src\Illuminate\Foundation\Http\Middleware\TrimStrings.php(40): Illuminate\Foundation\Http\Middleware\TransformsRequest->handle(Object(Illuminate\Http\Request), Object(Closure))
#39 D:\laragon\www\axiomeds\vendor\laravel\framework\src\Illuminate\Pipeline\Pipeline.php(180): Illuminate\Foundation\Http\Middleware\TrimStrings->handle(Object(Illuminate\Http\Request), Object(Closure))
#40 D:\laragon\www\axiomeds\vendor\laravel\framework\src\Illuminate\Foundation\Http\Middleware\ValidatePostSize.php(27): Illuminate\Pipeline\Pipeline->Illuminate\Pipeline\{closure}(Object(Illuminate\Http\Request))
#41 D:\laragon\www\axiomeds\vendor\laravel\framework\src\Illuminate\Pipeline\Pipeline.php(180): Illuminate\Foundation\Http\Middleware\ValidatePostSize->handle(Object(Illuminate\Http\Request), Object(Closure))
#42 D:\laragon\www\axiomeds\vendor\laravel\framework\src\Illuminate\Foundation\Http\Middleware\PreventRequestsDuringMaintenance.php(99): Illuminate\Pipeline\Pipeline->Illuminate\Pipeline\{closure}(Object(Illuminate\Http\Request))
#43 D:\laragon\www\axiomeds\vendor\laravel\framework\src\Illuminate\Pipeline\Pipeline.php(180): Illuminate\Foundation\Http\Middleware\PreventRequestsDuringMaintenance->handle(Object(Illuminate\Http\Request), Object(Closure))
#44 D:\laragon\www\axiomeds\vendor\laravel\framework\src\Illuminate\Http\Middleware\HandleCors.php(62): Illuminate\Pipeline\Pipeline->Illuminate\Pipeline\{closure}(Object(Illuminate\Http\Request))
#45 D:\laragon\www\axiomeds\vendor\laravel\framework\src\Illuminate\Pipeline\Pipeline.php(180): Illuminate\Http\Middleware\HandleCors->handle(Object(Illuminate\Http\Request), Object(Closure))
#46 D:\laragon\www\axiomeds\vendor\laravel\framework\src\Illuminate\Http\Middleware\TrustProxies.php(39): Illuminate\Pipeline\Pipeline->Illuminate\Pipeline\{closure}(Object(Illuminate\Http\Request))
#47 D:\laragon\www\axiomeds\vendor\laravel\framework\src\Illuminate\Pipeline\Pipeline.php(180): Illuminate\Http\Middleware\TrustProxies->handle(Object(Illuminate\Http\Request), Object(Closure))
#48 D:\laragon\www\axiomeds\vendor\laravel\framework\src\Illuminate\Pipeline\Pipeline.php(116): Illuminate\Pipeline\Pipeline->Illuminate\Pipeline\{closure}(Object(Illuminate\Http\Request))
#49 D:\laragon\www\axiomeds\vendor\laravel\framework\src\Illuminate\Foundation\Http\Kernel.php(175): Illuminate\Pipeline\Pipeline->then(Object(Closure))
#50 D:\laragon\www\axiomeds\vendor\laravel\framework\src\Illuminate\Foundation\Http\Kernel.php(144): Illuminate\Foundation\Http\Kernel->sendRequestThroughRouter(Object(Illuminate\Http\Request))
#51 D:\laragon\www\axiomeds\public\index.php(52): Illuminate\Foundation\Http\Kernel->handle(Object(Illuminate\Http\Request))
#52 {main}
2023-11-08 14:17:41 com\zoho\api\logger\SDKLogger SEVERE Exception :  com\zoho\crm\api\exception\SDKException Caused by : INVALID TOKEN ERROR - invalid_code
D:\laragon\www\axiomeds\vendor\zohocrm\php-sdk-2.1\src\com\zoho\api\authenticator\OAuthToken.php- 377- invalid_code
#0 D:\laragon\www\axiomeds\vendor\zohocrm\php-sdk-2.1\src\com\zoho\api\authenticator\OAuthToken.php(306): com\zoho\api\authenticator\OAuthToken->processResponse('HTTP/1.1 200 \r\n...')
#1 D:\laragon\www\axiomeds\vendor\zohocrm\php-sdk-2.1\src\com\zoho\api\authenticator\OAuthToken.php(235): com\zoho\api\authenticator\OAuthToken->refreshAccessToken(Object(com\zoho\crm\api\UserSignature), Object(com\zoho\api\authenticator\store\FileStore))
#2 D:\laragon\www\axiomeds\vendor\zohocrm\php-sdk-2.1\src\com\zoho\crm\api\util\CommonAPIHandler.php(253): com\zoho\api\authenticator\OAuthToken->authenticate(Object(com\zoho\crm\api\util\APIHTTPConnector))
#3 D:\laragon\www\axiomeds\vendor\zohocrm\php-sdk-2.1\src\com\zoho\crm\api\fields\FieldsOperations.php(41): com\zoho\crm\api\util\CommonAPIHandler->apiCall('com\\zoho\\crm\\ap...', 'application/jso...')
#4 D:\laragon\www\axiomeds\vendor\zohocrm\php-sdk-2.1\src\com\zoho\crm\api\util\Utility.php(582): com\zoho\crm\api\fields\FieldsOperations->getFields(Object(com\zoho\crm\api\ParameterMap))
#5 D:\laragon\www\axiomeds\vendor\zohocrm\php-sdk-2.1\src\com\zoho\crm\api\util\Utility.php(275): com\zoho\crm\api\util\Utility::getFieldDetails('Leads')
#6 D:\laragon\www\axiomeds\vendor\zohocrm\php-sdk-2.1\src\com\zoho\crm\api\util\Utility.php(170): com\zoho\crm\api\util\Utility::getFieldsInfo('Leads', Object(com\zoho\crm\api\util\CommonAPIHandler))
#7 D:\laragon\www\axiomeds\vendor\zohocrm\php-sdk-2.1\src\com\zoho\crm\api\record\RecordOperations.php(117): com\zoho\crm\api\util\Utility::getFields('Leads', Object(com\zoho\crm\api\util\CommonAPIHandler))
#8 D:\laragon\www\axiomeds\app\Services\ZohoService.php(47): com\zoho\crm\api\record\RecordOperations->getRecords('Leads', Object(com\zoho\crm\api\ParameterMap), Object(com\zoho\crm\api\HeaderMap))
#9 D:\laragon\www\axiomeds\app\Services\ZohoService.php(33): App\Services\ZohoService->getRecord()
#10 D:\laragon\www\axiomeds\app\Http\Controllers\Api\Accounts\InvoiceController.php(81): App\Services\ZohoService->initialize()
#11 D:\laragon\www\axiomeds\vendor\laravel\framework\src\Illuminate\Routing\Controller.php(54): App\Http\Controllers\Api\Accounts\InvoiceController->store(Object(App\Http\Requests\Api\Accounts\CreateInvoiceRequest))
#12 D:\laragon\www\axiomeds\vendor\laravel\framework\src\Illuminate\Routing\ControllerDispatcher.php(43): Illuminate\Routing\Controller->callAction('store', Array)
#13 D:\laragon\www\axiomeds\vendor\laravel\framework\src\Illuminate\Routing\Route.php(260): Illuminate\Routing\ControllerDispatcher->dispatch(Object(Illuminate\Routing\Route), Object(App\Http\Controllers\Api\Accounts\InvoiceController), 'store')
#14 D:\laragon\www\axiomeds\vendor\laravel\framework\src\Illuminate\Routing\Route.php(205): Illuminate\Routing\Route->runController()
#15 D:\laragon\www\axiomeds\vendor\laravel\framework\src\Illuminate\Routing\Router.php(799): Illuminate\Routing\Route->run()
#16 D:\laragon\www\axiomeds\vendor\laravel\framework\src\Illuminate\Pipeline\Pipeline.php(141): Illuminate\Routing\Router->Illuminate\Routing\{closure}(Object(Illuminate\Http\Request))
#17 D:\laragon\www\axiomeds\vendor\laravel\framework\src\Illuminate\Routing\Middleware\SubstituteBindings.php(50): Illuminate\Pipeline\Pipeline->Illuminate\Pipeline\{closure}(Object(Illuminate\Http\Request))
#18 D:\laragon\www\axiomeds\vendor\laravel\framework\src\Illuminate\Pipeline\Pipeline.php(180): Illuminate\Routing\Middleware\SubstituteBindings->handle(Object(Illuminate\Http\Request), Object(Closure))
#19 D:\laragon\www\axiomeds\vendor\laravel\framework\src\Illuminate\Routing\Middleware\ThrottleRequests.php(159): Illuminate\Pipeline\Pipeline->Illuminate\Pipeline\{closure}(Object(Illuminate\Http\Request))
#20 D:\laragon\www\axiomeds\vendor\laravel\framework\src\Illuminate\Routing\Middleware\ThrottleRequests.php(135): Illuminate\Routing\Middleware\ThrottleRequests->handleRequest(Object(Illuminate\Http\Request), Object(Closure), Array)
#21 D:\laragon\www\axiomeds\vendor\laravel\framework\src\Illuminate\Routing\Middleware\ThrottleRequests.php(87): Illuminate\Routing\Middleware\ThrottleRequests->handleRequestUsingNamedLimiter(Object(Illuminate\Http\Request), Object(Closure), 'api', Object(Closure))
#22 D:\laragon\www\axiomeds\vendor\laravel\framework\src\Illuminate\Pipeline\Pipeline.php(180): Illuminate\Routing\Middleware\ThrottleRequests->handle(Object(Illuminate\Http\Request), Object(Closure), 'api')
#23 D:\laragon\www\axiomeds\vendor\laravel\framework\src\Illuminate\Auth\Middleware\Authenticate.php(57): Illuminate\Pipeline\Pipeline->Illuminate\Pipeline\{closure}(Object(Illuminate\Http\Request))
#24 D:\laragon\www\axiomeds\vendor\laravel\framework\src\Illuminate\Pipeline\Pipeline.php(180): Illuminate\Auth\Middleware\Authenticate->handle(Object(Illuminate\Http\Request), Object(Closure), 'api')
#25 D:\laragon\www\axiomeds\vendor\laravel\framework\src\Illuminate\Pipeline\Pipeline.php(116): Illuminate\Pipeline\Pipeline->Illuminate\Pipeline\{closure}(Object(Illuminate\Http\Request))
#26 D:\laragon\www\axiomeds\vendor\laravel\framework\src\Illuminate\Routing\Router.php(800): Illuminate\Pipeline\Pipeline->then(Object(Closure))
#27 D:\laragon\www\axiomeds\vendor\laravel\framework\src\Illuminate\Routing\Router.php(777): Illuminate\Routing\Router->runRouteWithinStack(Object(Illuminate\Routing\Route), Object(Illuminate\Http\Request))
#28 D:\laragon\www\axiomeds\vendor\laravel\framework\src\Illuminate\Routing\Router.php(741): Illuminate\Routing\Router->runRoute(Object(Illuminate\Http\Request), Object(Illuminate\Routing\Route))
#29 D:\laragon\www\axiomeds\vendor\laravel\framework\src\Illuminate\Routing\Router.php(730): Illuminate\Routing\Router->dispatchToRoute(Object(Illuminate\Http\Request))
#30 D:\laragon\www\axiomeds\vendor\laravel\framework\src\Illuminate\Foundation\Http\Kernel.php(200): Illuminate\Routing\Router->dispatch(Object(Illuminate\Http\Request))
#31 D:\laragon\www\axiomeds\vendor\laravel\framework\src\Illuminate\Pipeline\Pipeline.php(141): Illuminate\Foundation\Http\Kernel->Illuminate\Foundation\Http\{closure}(Object(Illuminate\Http\Request))
#32 D:\laragon\www\axiomeds\app\Http\Middleware\AppendBaseUrlToAvatarUrlMiddleware.php(19): Illuminate\Pipeline\Pipeline->Illuminate\Pipeline\{closure}(Object(Illuminate\Http\Request))
#33 D:\laragon\www\axiomeds\vendor\laravel\framework\src\Illuminate\Pipeline\Pipeline.php(180): App\Http\Middleware\AppendBaseUrlToAvatarUrlMiddleware->handle(Object(Illuminate\Http\Request), Object(Closure))
#34 D:\laragon\www\axiomeds\vendor\laravel\framework\src\Illuminate\Foundation\Http\Middleware\TransformsRequest.php(21): Illuminate\Pipeline\Pipeline->Illuminate\Pipeline\{closure}(Object(Illuminate\Http\Request))
#35 D:\laragon\www\axiomeds\vendor\laravel\framework\src\Illuminate\Foundation\Http\Middleware\ConvertEmptyStringsToNull.php(31): Illuminate\Foundation\Http\Middleware\TransformsRequest->handle(Object(Illuminate\Http\Request), Object(Closure))
#36 D:\laragon\www\axiomeds\vendor\laravel\framework\src\Illuminate\Pipeline\Pipeline.php(180): Illuminate\Foundation\Http\Middleware\ConvertEmptyStringsToNull->handle(Object(Illuminate\Http\Request), Object(Closure))
#37 D:\laragon\www\axiomeds\vendor\laravel\framework\src\Illuminate\Foundation\Http\Middleware\TransformsRequest.php(21): Illuminate\Pipeline\Pipeline->Illuminate\Pipeline\{closure}(Object(Illuminate\Http\Request))
#38 D:\laragon\www\axiomeds\vendor\laravel\framework\src\Illuminate\Foundation\Http\Middleware\TrimStrings.php(40): Illuminate\Foundation\Http\Middleware\TransformsRequest->handle(Object(Illuminate\Http\Request), Object(Closure))
#39 D:\laragon\www\axiomeds\vendor\laravel\framework\src\Illuminate\Pipeline\Pipeline.php(180): Illuminate\Foundation\Http\Middleware\TrimStrings->handle(Object(Illuminate\Http\Request), Object(Closure))
#40 D:\laragon\www\axiomeds\vendor\laravel\framework\src\Illuminate\Foundation\Http\Middleware\ValidatePostSize.php(27): Illuminate\Pipeline\Pipeline->Illuminate\Pipeline\{closure}(Object(Illuminate\Http\Request))
#41 D:\laragon\www\axiomeds\vendor\laravel\framework\src\Illuminate\Pipeline\Pipeline.php(180): Illuminate\Foundation\Http\Middleware\ValidatePostSize->handle(Object(Illuminate\Http\Request), Object(Closure))
#42 D:\laragon\www\axiomeds\vendor\laravel\framework\src\Illuminate\Foundation\Http\Middleware\PreventRequestsDuringMaintenance.php(99): Illuminate\Pipeline\Pipeline->Illuminate\Pipeline\{closure}(Object(Illuminate\Http\Request))
#43 D:\laragon\www\axiomeds\vendor\laravel\framework\src\Illuminate\Pipeline\Pipeline.php(180): Illuminate\Foundation\Http\Middleware\PreventRequestsDuringMaintenance->handle(Object(Illuminate\Http\Request), Object(Closure))
#44 D:\laragon\www\axiomeds\vendor\laravel\framework\src\Illuminate\Http\Middleware\HandleCors.php(62): Illuminate\Pipeline\Pipeline->Illuminate\Pipeline\{closure}(Object(Illuminate\Http\Request))
#45 D:\laragon\www\axiomeds\vendor\laravel\framework\src\Illuminate\Pipeline\Pipeline.php(180): Illuminate\Http\Middleware\HandleCors->handle(Object(Illuminate\Http\Request), Object(Closure))
#46 D:\laragon\www\axiomeds\vendor\laravel\framework\src\Illuminate\Http\Middleware\TrustProxies.php(39): Illuminate\Pipeline\Pipeline->Illuminate\Pipeline\{closure}(Object(Illuminate\Http\Request))
#47 D:\laragon\www\axiomeds\vendor\laravel\framework\src\Illuminate\Pipeline\Pipeline.php(180): Illuminate\Http\Middleware\TrustProxies->handle(Object(Illuminate\Http\Request), Object(Closure))
#48 D:\laragon\www\axiomeds\vendor\laravel\framework\src\Illuminate\Pipeline\Pipeline.php(116): Illuminate\Pipeline\Pipeline->Illuminate\Pipeline\{closure}(Object(Illuminate\Http\Request))
#49 D:\laragon\www\axiomeds\vendor\laravel\framework\src\Illuminate\Foundation\Http\Kernel.php(175): Illuminate\Pipeline\Pipeline->then(Object(Closure))
#50 D:\laragon\www\axiomeds\vendor\laravel\framework\src\Illuminate\Foundation\Http\Kernel.php(144): Illuminate\Foundation\Http\Kernel->sendRequestThroughRouter(Object(Illuminate\Http\Request))
#51 D:\laragon\www\axiomeds\public\index.php(52): Illuminate\Foundation\Http\Kernel->handle(Object(Illuminate\Http\Request))
#52 {main}
2023-11-08 14:19:49 com\zoho\api\logger\SDKLogger INFO Initialization successful for Email Id : alishiwani97@gmail.com in Environment : https://sandbox.zohoapis.com.
2023-11-08 14:19:53 com\zoho\api\logger\SDKLogger SEVERE Exception in authenticating current request :  com\zoho\crm\api\exception\SDKException Caused by : INVALID TOKEN ERROR - invalid_code
D:\laragon\www\axiomeds\vendor\zohocrm\php-sdk-2.1\src\com\zoho\api\authenticator\OAuthToken.php- 377- invalid_code
#0 D:\laragon\www\axiomeds\vendor\zohocrm\php-sdk-2.1\src\com\zoho\api\authenticator\OAuthToken.php(306): com\zoho\api\authenticator\OAuthToken->processResponse('HTTP/1.1 200 \r\n...')
#1 D:\laragon\www\axiomeds\vendor\zohocrm\php-sdk-2.1\src\com\zoho\api\authenticator\OAuthToken.php(235): com\zoho\api\authenticator\OAuthToken->refreshAccessToken(Object(com\zoho\crm\api\UserSignature), Object(com\zoho\api\authenticator\store\FileStore))
#2 D:\laragon\www\axiomeds\vendor\zohocrm\php-sdk-2.1\src\com\zoho\crm\api\util\CommonAPIHandler.php(253): com\zoho\api\authenticator\OAuthToken->authenticate(Object(com\zoho\crm\api\util\APIHTTPConnector))
#3 D:\laragon\www\axiomeds\vendor\zohocrm\php-sdk-2.1\src\com\zoho\crm\api\fields\FieldsOperations.php(41): com\zoho\crm\api\util\CommonAPIHandler->apiCall('com\\zoho\\crm\\ap...', 'application/jso...')
#4 D:\laragon\www\axiomeds\vendor\zohocrm\php-sdk-2.1\src\com\zoho\crm\api\util\Utility.php(582): com\zoho\crm\api\fields\FieldsOperations->getFields(Object(com\zoho\crm\api\ParameterMap))
#5 D:\laragon\www\axiomeds\vendor\zohocrm\php-sdk-2.1\src\com\zoho\crm\api\util\Utility.php(96): com\zoho\crm\api\util\Utility::getFieldDetails('Leads')
#6 D:\laragon\www\axiomeds\vendor\zohocrm\php-sdk-2.1\src\com\zoho\crm\api\util\Utility.php(213): com\zoho\crm\api\util\Utility::fileExistsFlow('Leads', 'D:\\laragon\\www\\...', NULL)
#7 D:\laragon\www\axiomeds\vendor\zohocrm\php-sdk-2.1\src\com\zoho\crm\api\util\Utility.php(170): com\zoho\crm\api\util\Utility::getFieldsInfo('Leads', Object(com\zoho\crm\api\util\CommonAPIHandler))
#8 D:\laragon\www\axiomeds\vendor\zohocrm\php-sdk-2.1\src\com\zoho\crm\api\record\RecordOperations.php(117): com\zoho\crm\api\util\Utility::getFields('Leads', Object(com\zoho\crm\api\util\CommonAPIHandler))
#9 D:\laragon\www\axiomeds\app\Services\ZohoService.php(47): com\zoho\crm\api\record\RecordOperations->getRecords('Leads', Object(com\zoho\crm\api\ParameterMap), Object(com\zoho\crm\api\HeaderMap))
#10 D:\laragon\www\axiomeds\app\Services\ZohoService.php(33): App\Services\ZohoService->getRecord()
#11 D:\laragon\www\axiomeds\app\Http\Controllers\Api\Accounts\InvoiceController.php(81): App\Services\ZohoService->initialize()
#12 D:\laragon\www\axiomeds\vendor\laravel\framework\src\Illuminate\Routing\Controller.php(54): App\Http\Controllers\Api\Accounts\InvoiceController->store(Object(App\Http\Requests\Api\Accounts\CreateInvoiceRequest))
#13 D:\laragon\www\axiomeds\vendor\laravel\framework\src\Illuminate\Routing\ControllerDispatcher.php(43): Illuminate\Routing\Controller->callAction('store', Array)
#14 D:\laragon\www\axiomeds\vendor\laravel\framework\src\Illuminate\Routing\Route.php(260): Illuminate\Routing\ControllerDispatcher->dispatch(Object(Illuminate\Routing\Route), Object(App\Http\Controllers\Api\Accounts\InvoiceController), 'store')
#15 D:\laragon\www\axiomeds\vendor\laravel\framework\src\Illuminate\Routing\Route.php(205): Illuminate\Routing\Route->runController()
#16 D:\laragon\www\axiomeds\vendor\laravel\framework\src\Illuminate\Routing\Router.php(799): Illuminate\Routing\Route->run()
#17 D:\laragon\www\axiomeds\vendor\laravel\framework\src\Illuminate\Pipeline\Pipeline.php(141): Illuminate\Routing\Router->Illuminate\Routing\{closure}(Object(Illuminate\Http\Request))
#18 D:\laragon\www\axiomeds\vendor\laravel\framework\src\Illuminate\Routing\Middleware\SubstituteBindings.php(50): Illuminate\Pipeline\Pipeline->Illuminate\Pipeline\{closure}(Object(Illuminate\Http\Request))
#19 D:\laragon\www\axiomeds\vendor\laravel\framework\src\Illuminate\Pipeline\Pipeline.php(180): Illuminate\Routing\Middleware\SubstituteBindings->handle(Object(Illuminate\Http\Request), Object(Closure))
#20 D:\laragon\www\axiomeds\vendor\laravel\framework\src\Illuminate\Routing\Middleware\ThrottleRequests.php(159): Illuminate\Pipeline\Pipeline->Illuminate\Pipeline\{closure}(Object(Illuminate\Http\Request))
#21 D:\laragon\www\axiomeds\vendor\laravel\framework\src\Illuminate\Routing\Middleware\ThrottleRequests.php(135): Illuminate\Routing\Middleware\ThrottleRequests->handleRequest(Object(Illuminate\Http\Request), Object(Closure), Array)
#22 D:\laragon\www\axiomeds\vendor\laravel\framework\src\Illuminate\Routing\Middleware\ThrottleRequests.php(87): Illuminate\Routing\Middleware\ThrottleRequests->handleRequestUsingNamedLimiter(Object(Illuminate\Http\Request), Object(Closure), 'api', Object(Closure))
#23 D:\laragon\www\axiomeds\vendor\laravel\framework\src\Illuminate\Pipeline\Pipeline.php(180): Illuminate\Routing\Middleware\ThrottleRequests->handle(Object(Illuminate\Http\Request), Object(Closure), 'api')
#24 D:\laragon\www\axiomeds\vendor\laravel\framework\src\Illuminate\Auth\Middleware\Authenticate.php(57): Illuminate\Pipeline\Pipeline->Illuminate\Pipeline\{closure}(Object(Illuminate\Http\Request))
#25 D:\laragon\www\axiomeds\vendor\laravel\framework\src\Illuminate\Pipeline\Pipeline.php(180): Illuminate\Auth\Middleware\Authenticate->handle(Object(Illuminate\Http\Request), Object(Closure), 'api')
#26 D:\laragon\www\axiomeds\vendor\laravel\framework\src\Illuminate\Pipeline\Pipeline.php(116): Illuminate\Pipeline\Pipeline->Illuminate\Pipeline\{closure}(Object(Illuminate\Http\Request))
#27 D:\laragon\www\axiomeds\vendor\laravel\framework\src\Illuminate\Routing\Router.php(800): Illuminate\Pipeline\Pipeline->then(Object(Closure))
#28 D:\laragon\www\axiomeds\vendor\laravel\framework\src\Illuminate\Routing\Router.php(777): Illuminate\Routing\Router->runRouteWithinStack(Object(Illuminate\Routing\Route), Object(Illuminate\Http\Request))
#29 D:\laragon\www\axiomeds\vendor\laravel\framework\src\Illuminate\Routing\Router.php(741): Illuminate\Routing\Router->runRoute(Object(Illuminate\Http\Request), Object(Illuminate\Routing\Route))
#30 D:\laragon\www\axiomeds\vendor\laravel\framework\src\Illuminate\Routing\Router.php(730): Illuminate\Routing\Router->dispatchToRoute(Object(Illuminate\Http\Request))
#31 D:\laragon\www\axiomeds\vendor\laravel\framework\src\Illuminate\Foundation\Http\Kernel.php(200): Illuminate\Routing\Router->dispatch(Object(Illuminate\Http\Request))
#32 D:\laragon\www\axiomeds\vendor\laravel\framework\src\Illuminate\Pipeline\Pipeline.php(141): Illuminate\Foundation\Http\Kernel->Illuminate\Foundation\Http\{closure}(Object(Illuminate\Http\Request))
#33 D:\laragon\www\axiomeds\app\Http\Middleware\AppendBaseUrlToAvatarUrlMiddleware.php(19): Illuminate\Pipeline\Pipeline->Illuminate\Pipeline\{closure}(Object(Illuminate\Http\Request))
#34 D:\laragon\www\axiomeds\vendor\laravel\framework\src\Illuminate\Pipeline\Pipeline.php(180): App\Http\Middleware\AppendBaseUrlToAvatarUrlMiddleware->handle(Object(Illuminate\Http\Request), Object(Closure))
#35 D:\laragon\www\axiomeds\vendor\laravel\framework\src\Illuminate\Foundation\Http\Middleware\TransformsRequest.php(21): Illuminate\Pipeline\Pipeline->Illuminate\Pipeline\{closure}(Object(Illuminate\Http\Request))
#36 D:\laragon\www\axiomeds\vendor\laravel\framework\src\Illuminate\Foundation\Http\Middleware\ConvertEmptyStringsToNull.php(31): Illuminate\Foundation\Http\Middleware\TransformsRequest->handle(Object(Illuminate\Http\Request), Object(Closure))
#37 D:\laragon\www\axiomeds\vendor\laravel\framework\src\Illuminate\Pipeline\Pipeline.php(180): Illuminate\Foundation\Http\Middleware\ConvertEmptyStringsToNull->handle(Object(Illuminate\Http\Request), Object(Closure))
#38 D:\laragon\www\axiomeds\vendor\laravel\framework\src\Illuminate\Foundation\Http\Middleware\TransformsRequest.php(21): Illuminate\Pipeline\Pipeline->Illuminate\Pipeline\{closure}(Object(Illuminate\Http\Request))
#39 D:\laragon\www\axiomeds\vendor\laravel\framework\src\Illuminate\Foundation\Http\Middleware\TrimStrings.php(40): Illuminate\Foundation\Http\Middleware\TransformsRequest->handle(Object(Illuminate\Http\Request), Object(Closure))
#40 D:\laragon\www\axiomeds\vendor\laravel\framework\src\Illuminate\Pipeline\Pipeline.php(180): Illuminate\Foundation\Http\Middleware\TrimStrings->handle(Object(Illuminate\Http\Request), Object(Closure))
#41 D:\laragon\www\axiomeds\vendor\laravel\framework\src\Illuminate\Foundation\Http\Middleware\ValidatePostSize.php(27): Illuminate\Pipeline\Pipeline->Illuminate\Pipeline\{closure}(Object(Illuminate\Http\Request))
#42 D:\laragon\www\axiomeds\vendor\laravel\framework\src\Illuminate\Pipeline\Pipeline.php(180): Illuminate\Foundation\Http\Middleware\ValidatePostSize->handle(Object(Illuminate\Http\Request), Object(Closure))
#43 D:\laragon\www\axiomeds\vendor\laravel\framework\src\Illuminate\Foundation\Http\Middleware\PreventRequestsDuringMaintenance.php(99): Illuminate\Pipeline\Pipeline->Illuminate\Pipeline\{closure}(Object(Illuminate\Http\Request))
#44 D:\laragon\www\axiomeds\vendor\laravel\framework\src\Illuminate\Pipeline\Pipeline.php(180): Illuminate\Foundation\Http\Middleware\PreventRequestsDuringMaintenance->handle(Object(Illuminate\Http\Request), Object(Closure))
#45 D:\laragon\www\axiomeds\vendor\laravel\framework\src\Illuminate\Http\Middleware\HandleCors.php(62): Illuminate\Pipeline\Pipeline->Illuminate\Pipeline\{closure}(Object(Illuminate\Http\Request))
#46 D:\laragon\www\axiomeds\vendor\laravel\framework\src\Illuminate\Pipeline\Pipeline.php(180): Illuminate\Http\Middleware\HandleCors->handle(Object(Illuminate\Http\Request), Object(Closure))
#47 D:\laragon\www\axiomeds\vendor\laravel\framework\src\Illuminate\Http\Middleware\TrustProxies.php(39): Illuminate\Pipeline\Pipeline->Illuminate\Pipeline\{closure}(Object(Illuminate\Http\Request))
#48 D:\laragon\www\axiomeds\vendor\laravel\framework\src\Illuminate\Pipeline\Pipeline.php(180): Illuminate\Http\Middleware\TrustProxies->handle(Object(Illuminate\Http\Request), Object(Closure))
#49 D:\laragon\www\axiomeds\vendor\laravel\framework\src\Illuminate\Pipeline\Pipeline.php(116): Illuminate\Pipeline\Pipeline->Illuminate\Pipeline\{closure}(Object(Illuminate\Http\Request))
#50 D:\laragon\www\axiomeds\vendor\laravel\framework\src\Illuminate\Foundation\Http\Kernel.php(175): Illuminate\Pipeline\Pipeline->then(Object(Closure))
#51 D:\laragon\www\axiomeds\vendor\laravel\framework\src\Illuminate\Foundation\Http\Kernel.php(144): Illuminate\Foundation\Http\Kernel->sendRequestThroughRouter(Object(Illuminate\Http\Request))
#52 D:\laragon\www\axiomeds\public\index.php(52): Illuminate\Foundation\Http\Kernel->handle(Object(Illuminate\Http\Request))
#53 {main}
2023-11-08 14:19:53 com\zoho\api\logger\SDKLogger SEVERE Exception :  com\zoho\crm\api\exception\SDKException Caused by : INVALID TOKEN ERROR - invalid_code
D:\laragon\www\axiomeds\vendor\zohocrm\php-sdk-2.1\src\com\zoho\api\authenticator\OAuthToken.php- 377- invalid_code
#0 D:\laragon\www\axiomeds\vendor\zohocrm\php-sdk-2.1\src\com\zoho\api\authenticator\OAuthToken.php(306): com\zoho\api\authenticator\OAuthToken->processResponse('HTTP/1.1 200 \r\n...')
#1 D:\laragon\www\axiomeds\vendor\zohocrm\php-sdk-2.1\src\com\zoho\api\authenticator\OAuthToken.php(235): com\zoho\api\authenticator\OAuthToken->refreshAccessToken(Object(com\zoho\crm\api\UserSignature), Object(com\zoho\api\authenticator\store\FileStore))
#2 D:\laragon\www\axiomeds\vendor\zohocrm\php-sdk-2.1\src\com\zoho\crm\api\util\CommonAPIHandler.php(253): com\zoho\api\authenticator\OAuthToken->authenticate(Object(com\zoho\crm\api\util\APIHTTPConnector))
#3 D:\laragon\www\axiomeds\vendor\zohocrm\php-sdk-2.1\src\com\zoho\crm\api\fields\FieldsOperations.php(41): com\zoho\crm\api\util\CommonAPIHandler->apiCall('com\\zoho\\crm\\ap...', 'application/jso...')
#4 D:\laragon\www\axiomeds\vendor\zohocrm\php-sdk-2.1\src\com\zoho\crm\api\util\Utility.php(582): com\zoho\crm\api\fields\FieldsOperations->getFields(Object(com\zoho\crm\api\ParameterMap))
#5 D:\laragon\www\axiomeds\vendor\zohocrm\php-sdk-2.1\src\com\zoho\crm\api\util\Utility.php(96): com\zoho\crm\api\util\Utility::getFieldDetails('Leads')
#6 D:\laragon\www\axiomeds\vendor\zohocrm\php-sdk-2.1\src\com\zoho\crm\api\util\Utility.php(213): com\zoho\crm\api\util\Utility::fileExistsFlow('Leads', 'D:\\laragon\\www\\...', NULL)
#7 D:\laragon\www\axiomeds\vendor\zohocrm\php-sdk-2.1\src\com\zoho\crm\api\util\Utility.php(170): com\zoho\crm\api\util\Utility::getFieldsInfo('Leads', Object(com\zoho\crm\api\util\CommonAPIHandler))
#8 D:\laragon\www\axiomeds\vendor\zohocrm\php-sdk-2.1\src\com\zoho\crm\api\record\RecordOperations.php(117): com\zoho\crm\api\util\Utility::getFields('Leads', Object(com\zoho\crm\api\util\CommonAPIHandler))
#9 D:\laragon\www\axiomeds\app\Services\ZohoService.php(47): com\zoho\crm\api\record\RecordOperations->getRecords('Leads', Object(com\zoho\crm\api\ParameterMap), Object(com\zoho\crm\api\HeaderMap))
#10 D:\laragon\www\axiomeds\app\Services\ZohoService.php(33): App\Services\ZohoService->getRecord()
#11 D:\laragon\www\axiomeds\app\Http\Controllers\Api\Accounts\InvoiceController.php(81): App\Services\ZohoService->initialize()
#12 D:\laragon\www\axiomeds\vendor\laravel\framework\src\Illuminate\Routing\Controller.php(54): App\Http\Controllers\Api\Accounts\InvoiceController->store(Object(App\Http\Requests\Api\Accounts\CreateInvoiceRequest))
#13 D:\laragon\www\axiomeds\vendor\laravel\framework\src\Illuminate\Routing\ControllerDispatcher.php(43): Illuminate\Routing\Controller->callAction('store', Array)
#14 D:\laragon\www\axiomeds\vendor\laravel\framework\src\Illuminate\Routing\Route.php(260): Illuminate\Routing\ControllerDispatcher->dispatch(Object(Illuminate\Routing\Route), Object(App\Http\Controllers\Api\Accounts\InvoiceController), 'store')
#15 D:\laragon\www\axiomeds\vendor\laravel\framework\src\Illuminate\Routing\Route.php(205): Illuminate\Routing\Route->runController()
#16 D:\laragon\www\axiomeds\vendor\laravel\framework\src\Illuminate\Routing\Router.php(799): Illuminate\Routing\Route->run()
#17 D:\laragon\www\axiomeds\vendor\laravel\framework\src\Illuminate\Pipeline\Pipeline.php(141): Illuminate\Routing\Router->Illuminate\Routing\{closure}(Object(Illuminate\Http\Request))
#18 D:\laragon\www\axiomeds\vendor\laravel\framework\src\Illuminate\Routing\Middleware\SubstituteBindings.php(50): Illuminate\Pipeline\Pipeline->Illuminate\Pipeline\{closure}(Object(Illuminate\Http\Request))
#19 D:\laragon\www\axiomeds\vendor\laravel\framework\src\Illuminate\Pipeline\Pipeline.php(180): Illuminate\Routing\Middleware\SubstituteBindings->handle(Object(Illuminate\Http\Request), Object(Closure))
#20 D:\laragon\www\axiomeds\vendor\laravel\framework\src\Illuminate\Routing\Middleware\ThrottleRequests.php(159): Illuminate\Pipeline\Pipeline->Illuminate\Pipeline\{closure}(Object(Illuminate\Http\Request))
#21 D:\laragon\www\axiomeds\vendor\laravel\framework\src\Illuminate\Routing\Middleware\ThrottleRequests.php(135): Illuminate\Routing\Middleware\ThrottleRequests->handleRequest(Object(Illuminate\Http\Request), Object(Closure), Array)
#22 D:\laragon\www\axiomeds\vendor\laravel\framework\src\Illuminate\Routing\Middleware\ThrottleRequests.php(87): Illuminate\Routing\Middleware\ThrottleRequests->handleRequestUsingNamedLimiter(Object(Illuminate\Http\Request), Object(Closure), 'api', Object(Closure))
#23 D:\laragon\www\axiomeds\vendor\laravel\framework\src\Illuminate\Pipeline\Pipeline.php(180): Illuminate\Routing\Middleware\ThrottleRequests->handle(Object(Illuminate\Http\Request), Object(Closure), 'api')
#24 D:\laragon\www\axiomeds\vendor\laravel\framework\src\Illuminate\Auth\Middleware\Authenticate.php(57): Illuminate\Pipeline\Pipeline->Illuminate\Pipeline\{closure}(Object(Illuminate\Http\Request))
#25 D:\laragon\www\axiomeds\vendor\laravel\framework\src\Illuminate\Pipeline\Pipeline.php(180): Illuminate\Auth\Middleware\Authenticate->handle(Object(Illuminate\Http\Request), Object(Closure), 'api')
#26 D:\laragon\www\axiomeds\vendor\laravel\framework\src\Illuminate\Pipeline\Pipeline.php(116): Illuminate\Pipeline\Pipeline->Illuminate\Pipeline\{closure}(Object(Illuminate\Http\Request))
#27 D:\laragon\www\axiomeds\vendor\laravel\framework\src\Illuminate\Routing\Router.php(800): Illuminate\Pipeline\Pipeline->then(Object(Closure))
#28 D:\laragon\www\axiomeds\vendor\laravel\framework\src\Illuminate\Routing\Router.php(777): Illuminate\Routing\Router->runRouteWithinStack(Object(Illuminate\Routing\Route), Object(Illuminate\Http\Request))
#29 D:\laragon\www\axiomeds\vendor\laravel\framework\src\Illuminate\Routing\Router.php(741): Illuminate\Routing\Router->runRoute(Object(Illuminate\Http\Request), Object(Illuminate\Routing\Route))
#30 D:\laragon\www\axiomeds\vendor\laravel\framework\src\Illuminate\Routing\Router.php(730): Illuminate\Routing\Router->dispatchToRoute(Object(Illuminate\Http\Request))
#31 D:\laragon\www\axiomeds\vendor\laravel\framework\src\Illuminate\Foundation\Http\Kernel.php(200): Illuminate\Routing\Router->dispatch(Object(Illuminate\Http\Request))
#32 D:\laragon\www\axiomeds\vendor\laravel\framework\src\Illuminate\Pipeline\Pipeline.php(141): Illuminate\Foundation\Http\Kernel->Illuminate\Foundation\Http\{closure}(Object(Illuminate\Http\Request))
#33 D:\laragon\www\axiomeds\app\Http\Middleware\AppendBaseUrlToAvatarUrlMiddleware.php(19): Illuminate\Pipeline\Pipeline->Illuminate\Pipeline\{closure}(Object(Illuminate\Http\Request))
#34 D:\laragon\www\axiomeds\vendor\laravel\framework\src\Illuminate\Pipeline\Pipeline.php(180): App\Http\Middleware\AppendBaseUrlToAvatarUrlMiddleware->handle(Object(Illuminate\Http\Request), Object(Closure))
#35 D:\laragon\www\axiomeds\vendor\laravel\framework\src\Illuminate\Foundation\Http\Middleware\TransformsRequest.php(21): Illuminate\Pipeline\Pipeline->Illuminate\Pipeline\{closure}(Object(Illuminate\Http\Request))
#36 D:\laragon\www\axiomeds\vendor\laravel\framework\src\Illuminate\Foundation\Http\Middleware\ConvertEmptyStringsToNull.php(31): Illuminate\Foundation\Http\Middleware\TransformsRequest->handle(Object(Illuminate\Http\Request), Object(Closure))
#37 D:\laragon\www\axiomeds\vendor\laravel\framework\src\Illuminate\Pipeline\Pipeline.php(180): Illuminate\Foundation\Http\Middleware\ConvertEmptyStringsToNull->handle(Object(Illuminate\Http\Request), Object(Closure))
#38 D:\laragon\www\axiomeds\vendor\laravel\framework\src\Illuminate\Foundation\Http\Middleware\TransformsRequest.php(21): Illuminate\Pipeline\Pipeline->Illuminate\Pipeline\{closure}(Object(Illuminate\Http\Request))
#39 D:\laragon\www\axiomeds\vendor\laravel\framework\src\Illuminate\Foundation\Http\Middleware\TrimStrings.php(40): Illuminate\Foundation\Http\Middleware\TransformsRequest->handle(Object(Illuminate\Http\Request), Object(Closure))
#40 D:\laragon\www\axiomeds\vendor\laravel\framework\src\Illuminate\Pipeline\Pipeline.php(180): Illuminate\Foundation\Http\Middleware\TrimStrings->handle(Object(Illuminate\Http\Request), Object(Closure))
#41 D:\laragon\www\axiomeds\vendor\laravel\framework\src\Illuminate\Foundation\Http\Middleware\ValidatePostSize.php(27): Illuminate\Pipeline\Pipeline->Illuminate\Pipeline\{closure}(Object(Illuminate\Http\Request))
#42 D:\laragon\www\axiomeds\vendor\laravel\framework\src\Illuminate\Pipeline\Pipeline.php(180): Illuminate\Foundation\Http\Middleware\ValidatePostSize->handle(Object(Illuminate\Http\Request), Object(Closure))
#43 D:\laragon\www\axiomeds\vendor\laravel\framework\src\Illuminate\Foundation\Http\Middleware\PreventRequestsDuringMaintenance.php(99): Illuminate\Pipeline\Pipeline->Illuminate\Pipeline\{closure}(Object(Illuminate\Http\Request))
#44 D:\laragon\www\axiomeds\vendor\laravel\framework\src\Illuminate\Pipeline\Pipeline.php(180): Illuminate\Foundation\Http\Middleware\PreventRequestsDuringMaintenance->handle(Object(Illuminate\Http\Request), Object(Closure))
#45 D:\laragon\www\axiomeds\vendor\laravel\framework\src\Illuminate\Http\Middleware\HandleCors.php(62): Illuminate\Pipeline\Pipeline->Illuminate\Pipeline\{closure}(Object(Illuminate\Http\Request))
#46 D:\laragon\www\axiomeds\vendor\laravel\framework\src\Illuminate\Pipeline\Pipeline.php(180): Illuminate\Http\Middleware\HandleCors->handle(Object(Illuminate\Http\Request), Object(Closure))
#47 D:\laragon\www\axiomeds\vendor\laravel\framework\src\Illuminate\Http\Middleware\TrustProxies.php(39): Illuminate\Pipeline\Pipeline->Illuminate\Pipeline\{closure}(Object(Illuminate\Http\Request))
#48 D:\laragon\www\axiomeds\vendor\laravel\framework\src\Illuminate\Pipeline\Pipeline.php(180): Illuminate\Http\Middleware\TrustProxies->handle(Object(Illuminate\Http\Request), Object(Closure))
#49 D:\laragon\www\axiomeds\vendor\laravel\framework\src\Illuminate\Pipeline\Pipeline.php(116): Illuminate\Pipeline\Pipeline->Illuminate\Pipeline\{closure}(Object(Illuminate\Http\Request))
#50 D:\laragon\www\axiomeds\vendor\laravel\framework\src\Illuminate\Foundation\Http\Kernel.php(175): Illuminate\Pipeline\Pipeline->then(Object(Closure))
#51 D:\laragon\www\axiomeds\vendor\laravel\framework\src\Illuminate\Foundation\Http\Kernel.php(144): Illuminate\Foundation\Http\Kernel->sendRequestThroughRouter(Object(Illuminate\Http\Request))
#52 D:\laragon\www\axiomeds\public\index.php(52): Illuminate\Foundation\Http\Kernel->handle(Object(Illuminate\Http\Request))
#53 {main}
